Loaded project: 白色孤岛
Trial entry: Start 3,3 -> 试炼间 -> A1 6,11
Auto features: pickup=on, battle=off
Goal: win event; topK=1; maxExpansions=3000
Perf live: {"expandedPerSec":18.2,"generatedPerSec":90.99,"applyActionMsPerAction":0.4626,"enumerateActionsMsPerState":40.7496,"stateKeyMsPerState":0.0006,"cloneMsPerAction":0.0123,"sortMsPerLoop":0.169,"rssMb":235.4,"heapUsedMb":146.2,"eventLoopUtilization":0}
Perf live: {"expandedPerSec":18.41,"generatedPerSec":92.96,"applyActionMsPerAction":0.4565,"enumerateActionsMsPerState":43.9355,"stateKeyMsPerState":0.0004,"cloneMsPerAction":0.0143,"sortMsPerLoop":0.2371,"rssMb":350.2,"heapUsedMb":269.9,"eventLoopUtilization":0}
Perf live: {"expandedPerSec":21.32,"generatedPerSec":114.92,"applyActionMsPerAction":0.4231,"enumerateActionsMsPerState":38.3823,"stateKeyMsPerState":0.0003,"cloneMsPerAction":0.0142,"sortMsPerLoop":0.1591,"rssMb":363.7,"heapUsedMb":53.3,"eventLoopUtilization":0}
Perf live: {"expandedPerSec":22.53,"generatedPerSec":115.31,"applyActionMsPerAction":0.4217,"enumerateActionsMsPerState":35.0223,"stateKeyMsPerState":0.0003,"cloneMsPerAction":0.0135,"sortMsPerLoop":0.1628,"rssMb":364.2,"heapUsedMb":36.9,"eventLoopUtilization":0}
Perf live: {"expandedPerSec":23.39,"generatedPerSec":118.78,"applyActionMsPerAction":0.4245,"enumerateActionsMsPerState":33.9792,"stateKeyMsPerState":0.0003,"cloneMsPerAction":0.0137,"sortMsPerLoop":0.1662,"rssMb":363.1,"heapUsedMb":40.8,"eventLoopUtilization":0}
Perf live: {"expandedPerSec":23.02,"generatedPerSec":116.41,"applyActionMsPerAction":0.4289,"enumerateActionsMsPerState":34.655,"stateKeyMsPerState":0.0003,"cloneMsPerAction":0.0138,"sortMsPerLoop":0.1698,"rssMb":361.8,"heapUsedMb":45.3,"eventLoopUtilization":0}
Perf live: {"expandedPerSec":23.42,"generatedPerSec":115.29,"applyActionMsPerAction":0.439,"enumerateActionsMsPerState":34.375,"stateKeyMsPerState":0.0003,"cloneMsPerAction":0.0141,"sortMsPerLoop":0.1782,"rssMb":362.8,"heapUsedMb":94.2,"eventLoopUtilization":0}
Perf live: {"expandedPerSec":23.72,"generatedPerSec":114.52,"applyActionMsPerAction":0.4405,"enumerateActionsMsPerState":34.1499,"stateKeyMsPerState":0.0003,"cloneMsPerAction":0.0143,"sortMsPerLoop":0.1946,"rssMb":363.3,"heapUsedMb":71.2,"eventLoopUtilization":0}
Perf live: {"expandedPerSec":23.43,"generatedPerSec":112.5,"applyActionMsPerAction":0.4356,"enumerateActionsMsPerState":35.2227,"stateKeyMsPerState":0.0003,"cloneMsPerAction":0.0148,"sortMsPerLoop":0.197,"rssMb":362,"heapUsedMb":27.4,"eventLoopUtilization":0}
Perf live: {"expandedPerSec":23.66,"generatedPerSec":111.64,"applyActionMsPerAction":0.437,"enumerateActionsMsPerState":35.0499,"stateKeyMsPerState":0.0003,"cloneMsPerAction":0.0149,"sortMsPerLoop":0.1963,"rssMb":363.3,"heapUsedMb":86.2,"eventLoopUtilization":0}
Perf live: {"expandedPerSec":23.47,"generatedPerSec":108.97,"applyActionMsPerAction":0.4407,"enumerateActionsMsPerState":35.7071,"stateKeyMsPerState":0.0003,"cloneMsPerAction":0.0153,"sortMsPerLoop":0.1941,"rssMb":363.3,"heapUsedMb":42.8,"eventLoopUtilization":0}
Perf live: {"expandedPerSec":23.58,"generatedPerSec":107.76,"applyActionMsPerAction":0.4405,"enumerateActionsMsPerState":35.5144,"stateKeyMsPerState":0.0003,"cloneMsPerAction":0.0153,"sortMsPerLoop":0.1891,"rssMb":364.4,"heapUsedMb":102.5,"eventLoopUtilization":0}
Perf live: {"expandedPerSec":23.45,"generatedPerSec":108.53,"applyActionMsPerAction":0.4489,"enumerateActionsMsPerState":35.6951,"stateKeyMsPerState":0.0003,"cloneMsPerAction":0.0153,"sortMsPerLoop":0.1867,"rssMb":364.5,"heapUsedMb":80.9,"eventLoopUtilization":0}
Perf live: {"expandedPerSec":23.5,"generatedPerSec":108.45,"applyActionMsPerAction":0.4485,"enumerateActionsMsPerState":35.6897,"stateKeyMsPerState":0.0003,"cloneMsPerAction":0.0154,"sortMsPerLoop":0.1843,"rssMb":363.3,"heapUsedMb":51,"eventLoopUtilization":0}
Perf live: {"expandedPerSec":23.7,"generatedPerSec":108.48,"applyActionMsPerAction":0.4505,"enumerateActionsMsPerState":35.447,"stateKeyMsPerState":0.0002,"cloneMsPerAction":0.0154,"sortMsPerLoop":0.1858,"rssMb":364.6,"heapUsedMb":72.6,"eventLoopUtilization":0}
Perf live: {"expandedPerSec":23.49,"generatedPerSec":108.53,"applyActionMsPerAction":0.4495,"enumerateActionsMsPerState":35.8167,"stateKeyMsPerState":0.0002,"cloneMsPerAction":0.0154,"sortMsPerLoop":0.183,"rssMb":364.3,"heapUsedMb":94.5,"eventLoopUtilization":0}
Perf live: {"expandedPerSec":23.21,"generatedPerSec":107.32,"applyActionMsPerAction":0.4464,"enumerateActionsMsPerState":36.3711,"stateKeyMsPerState":0.0002,"cloneMsPerAction":0.0155,"sortMsPerLoop":0.1822,"rssMb":363.6,"heapUsedMb":43.1,"eventLoopUtilization":0}
Perf live: {"expandedPerSec":22.98,"generatedPerSec":107.7,"applyActionMsPerAction":0.4424,"enumerateActionsMsPerState":36.8198,"stateKeyMsPerState":0.0002,"cloneMsPerAction":0.0155,"sortMsPerLoop":0.1808,"rssMb":363.6,"heapUsedMb":58.1,"eventLoopUtilization":0}
Perf live: {"expandedPerSec":23.45,"generatedPerSec":110.81,"applyActionMsPerAction":0.4394,"enumerateActionsMsPerState":35.8788,"stateKeyMsPerState":0.0003,"cloneMsPerAction":0.0152,"sortMsPerLoop":0.1799,"rssMb":362.4,"heapUsedMb":46.3,"eventLoopUtilization":0}
Perf live: {"expandedPerSec":23.48,"generatedPerSec":111.58,"applyActionMsPerAction":0.4384,"enumerateActionsMsPerState":35.7426,"stateKeyMsPerState":0.0003,"cloneMsPerAction":0.0152,"sortMsPerLoop":0.1833,"rssMb":363.5,"heapUsedMb":78.1,"eventLoopUtilization":0}
Perf live: {"expandedPerSec":23.35,"generatedPerSec":111.18,"applyActionMsPerAction":0.4389,"enumerateActionsMsPerState":35.9854,"stateKeyMsPerState":0.0003,"cloneMsPerAction":0.0153,"sortMsPerLoop":0.1893,"rssMb":363.9,"heapUsedMb":92.7,"eventLoopUtilization":0}
Perf live: {"expandedPerSec":23.36,"generatedPerSec":111.68,"applyActionMsPerAction":0.4353,"enumerateActionsMsPerState":36.0888,"stateKeyMsPerState":0.0003,"cloneMsPerAction":0.0154,"sortMsPerLoop":0.195,"rssMb":364.6,"heapUsedMb":93.3,"eventLoopUtilization":0}
Perf live: {"expandedPerSec":23.32,"generatedPerSec":111.36,"applyActionMsPerAction":0.4324,"enumerateActionsMsPerState":36.2813,"stateKeyMsPerState":0.0002,"cloneMsPerAction":0.0155,"sortMsPerLoop":0.1954,"rssMb":362.9,"heapUsedMb":98.5,"eventLoopUtilization":0}
Perf live: {"expandedPerSec":23.23,"generatedPerSec":110.65,"applyActionMsPerAction":0.4311,"enumerateActionsMsPerState":36.5377,"stateKeyMsPerState":0.0002,"cloneMsPerAction":0.0155,"sortMsPerLoop":0.195,"rssMb":364,"heapUsedMb":108.5,"eventLoopUtilization":0}
Perf live: {"expandedPerSec":23.18,"generatedPerSec":110.98,"applyActionMsPerAction":0.4327,"enumerateActionsMsPerState":36.6641,"stateKeyMsPerState":0.0002,"cloneMsPerAction":0.0156,"sortMsPerLoop":0.1961,"rssMb":364.5,"heapUsedMb":128.5,"eventLoopUtilization":0}
Search finished: found=0, expansions=3000, frontier=212, elapsedMs=129619
Summary written: routes/latest/whiteisland-trial-topk.summary.json
