Loaded project: 白色孤岛
Trial entry: Start 3,3 -> 试炼间 -> A1 6,11
Auto features: pickup=on, battle=on
Goal: win event; topK=1; maxExpansions=5000
Perf live: {"expandedPerSec":6.95,"generatedPerSec":41.3,"applyActionMsPerAction":1.682,"enumerateActionsMsPerState":128.5355,"stateKeyMsPerState":0.0007,"cloneMsPerAction":0.0044,"sortMsPerLoop":0.1655,"rssMb":133.5,"heapUsedMb":37.8,"eventLoopUtilization":0}
Perf live: {"expandedPerSec":7.02,"generatedPerSec":36.39,"applyActionMsPerAction":1.3488,"enumerateActionsMsPerState":131.8013,"stateKeyMsPerState":0.0006,"cloneMsPerAction":0.0048,"sortMsPerLoop":0.1241,"rssMb":132.4,"heapUsedMb":19.2,"eventLoopUtilization":0}
Perf live: {"expandedPerSec":7.18,"generatedPerSec":34.54,"applyActionMsPerAction":1.2149,"enumerateActionsMsPerState":130.4184,"stateKeyMsPerState":0.0006,"cloneMsPerAction":0.005,"sortMsPerLoop":0.1026,"rssMb":132.9,"heapUsedMb":21.1,"eventLoopUtilization":0}
Perf live: {"expandedPerSec":7.26,"generatedPerSec":33.8,"applyActionMsPerAction":1.3055,"enumerateActionsMsPerState":128.4594,"stateKeyMsPerState":0.0005,"cloneMsPerAction":0.005,"sortMsPerLoop":0.0898,"rssMb":139.5,"heapUsedMb":67.1,"eventLoopUtilization":0}
Perf live: {"expandedPerSec":7.22,"generatedPerSec":33.52,"applyActionMsPerAction":1.3637,"enumerateActionsMsPerState":129.0611,"stateKeyMsPerState":0.0005,"cloneMsPerAction":0.0051,"sortMsPerLoop":0.0867,"rssMb":139.7,"heapUsedMb":25.3,"eventLoopUtilization":0}
Perf live: {"expandedPerSec":7.07,"generatedPerSec":34.05,"applyActionMsPerAction":1.3661,"enumerateActionsMsPerState":131.7892,"stateKeyMsPerState":0.0004,"cloneMsPerAction":0.0049,"sortMsPerLoop":0.0819,"rssMb":140.7,"heapUsedMb":47.3,"eventLoopUtilization":0}
Perf live: {"expandedPerSec":7.47,"generatedPerSec":36.17,"applyActionMsPerAction":1.3313,"enumerateActionsMsPerState":124.7272,"stateKeyMsPerState":0.0004,"cloneMsPerAction":0.0048,"sortMsPerLoop":0.0749,"rssMb":139.9,"heapUsedMb":32.4,"eventLoopUtilization":0}
Perf live: {"expandedPerSec":7.59,"generatedPerSec":38.39,"applyActionMsPerAction":1.4945,"enumerateActionsMsPerState":119.7828,"stateKeyMsPerState":0.0004,"cloneMsPerAction":0.0048,"sortMsPerLoop":0.0853,"rssMb":144.5,"heapUsedMb":63.8,"eventLoopUtilization":0}
Perf live: {"expandedPerSec":7.59,"generatedPerSec":38,"applyActionMsPerAction":1.5687,"enumerateActionsMsPerState":118.2769,"stateKeyMsPerState":0.0004,"cloneMsPerAction":0.0051,"sortMsPerLoop":0.0901,"rssMb":152.4,"heapUsedMb":51.9,"eventLoopUtilization":0}
Perf live: {"expandedPerSec":7.62,"generatedPerSec":37.56,"applyActionMsPerAction":1.6209,"enumerateActionsMsPerState":117.5392,"stateKeyMsPerState":0.0004,"cloneMsPerAction":0.0053,"sortMsPerLoop":0.0979,"rssMb":153.5,"heapUsedMb":28.5,"eventLoopUtilization":0}
Perf live: {"expandedPerSec":7.68,"generatedPerSec":38.13,"applyActionMsPerAction":1.6537,"enumerateActionsMsPerState":116.5127,"stateKeyMsPerState":0.0004,"cloneMsPerAction":0.0055,"sortMsPerLoop":0.1026,"rssMb":152.8,"heapUsedMb":63.6,"eventLoopUtilization":0}
Perf live: {"expandedPerSec":7.7,"generatedPerSec":37.67,"applyActionMsPerAction":1.7103,"enumerateActionsMsPerState":116.1902,"stateKeyMsPerState":0.0003,"cloneMsPerAction":0.0057,"sortMsPerLoop":0.1132,"rssMb":181.1,"heapUsedMb":104.3,"eventLoopUtilization":0}
Perf live: {"expandedPerSec":7.72,"generatedPerSec":37.79,"applyActionMsPerAction":1.7389,"enumerateActionsMsPerState":115.925,"stateKeyMsPerState":0.0003,"cloneMsPerAction":0.0059,"sortMsPerLoop":0.1156,"rssMb":195.8,"heapUsedMb":78,"eventLoopUtilization":0}
Perf live: {"expandedPerSec":7.73,"generatedPerSec":37.53,"applyActionMsPerAction":1.773,"enumerateActionsMsPerState":115.6622,"stateKeyMsPerState":0.0003,"cloneMsPerAction":0.0061,"sortMsPerLoop":0.126,"rssMb":197,"heapUsedMb":34.7,"eventLoopUtilization":0}
Perf live: {"expandedPerSec":7.75,"generatedPerSec":37.37,"applyActionMsPerAction":1.8069,"enumerateActionsMsPerState":115.3525,"stateKeyMsPerState":0.0003,"cloneMsPerAction":0.0062,"sortMsPerLoop":0.1423,"rssMb":196.1,"heapUsedMb":50.5,"eventLoopUtilization":0}
Perf live: {"expandedPerSec":7.79,"generatedPerSec":37.75,"applyActionMsPerAction":1.8216,"enumerateActionsMsPerState":114.6629,"stateKeyMsPerState":0.0003,"cloneMsPerAction":0.0063,"sortMsPerLoop":0.1529,"rssMb":197.7,"heapUsedMb":47.4,"eventLoopUtilization":0}
Perf live: {"expandedPerSec":7.79,"generatedPerSec":38.32,"applyActionMsPerAction":1.835,"enumerateActionsMsPerState":114.4217,"stateKeyMsPerState":0.0003,"cloneMsPerAction":0.0063,"sortMsPerLoop":0.1624,"rssMb":197.1,"heapUsedMb":57.2,"eventLoopUtilization":0}
Perf live: {"expandedPerSec":7.81,"generatedPerSec":38.87,"applyActionMsPerAction":1.8353,"enumerateActionsMsPerState":114.1279,"stateKeyMsPerState":0.0003,"cloneMsPerAction":0.0063,"sortMsPerLoop":0.1779,"rssMb":196.4,"heapUsedMb":71,"eventLoopUtilization":0}
Perf live: {"expandedPerSec":7.84,"generatedPerSec":38.99,"applyActionMsPerAction":1.8468,"enumerateActionsMsPerState":113.5546,"stateKeyMsPerState":0.0003,"cloneMsPerAction":0.0064,"sortMsPerLoop":0.2057,"rssMb":197.7,"heapUsedMb":32.9,"eventLoopUtilization":0}
Perf live: {"expandedPerSec":7.87,"generatedPerSec":38.85,"applyActionMsPerAction":1.8605,"enumerateActionsMsPerState":113.1941,"stateKeyMsPerState":0.0003,"cloneMsPerAction":0.0065,"sortMsPerLoop":0.2127,"rssMb":195.8,"heapUsedMb":40,"eventLoopUtilization":0}
Perf live: {"expandedPerSec":7.89,"generatedPerSec":39.28,"applyActionMsPerAction":1.8697,"enumerateActionsMsPerState":112.6729,"stateKeyMsPerState":0.0003,"cloneMsPerAction":0.0065,"sortMsPerLoop":0.2261,"rssMb":195.1,"heapUsedMb":49.3,"eventLoopUtilization":0}
Perf live: {"expandedPerSec":7.89,"generatedPerSec":39.77,"applyActionMsPerAction":1.861,"enumerateActionsMsPerState":112.6013,"stateKeyMsPerState":0.0003,"cloneMsPerAction":0.0065,"sortMsPerLoop":0.2293,"rssMb":196.5,"heapUsedMb":34.9,"eventLoopUtilization":0}
Perf live: {"expandedPerSec":7.9,"generatedPerSec":40.15,"applyActionMsPerAction":1.8546,"enumerateActionsMsPerState":112.3981,"stateKeyMsPerState":0.0003,"cloneMsPerAction":0.0066,"sortMsPerLoop":0.2392,"rssMb":197.6,"heapUsedMb":59.3,"eventLoopUtilization":0}
Perf live: {"expandedPerSec":7.88,"generatedPerSec":40.49,"applyActionMsPerAction":1.8525,"enumerateActionsMsPerState":112.5795,"stateKeyMsPerState":0.0003,"cloneMsPerAction":0.0066,"sortMsPerLoop":0.2512,"rssMb":196.5,"heapUsedMb":57.7,"eventLoopUtilization":0}
Perf live: {"expandedPerSec":7.88,"generatedPerSec":40.86,"applyActionMsPerAction":1.8438,"enumerateActionsMsPerState":112.5475,"stateKeyMsPerState":0.0002,"cloneMsPerAction":0.0066,"sortMsPerLoop":0.2634,"rssMb":197.7,"heapUsedMb":68,"eventLoopUtilization":0}
Perf live: {"expandedPerSec":7.89,"generatedPerSec":41.25,"applyActionMsPerAction":1.8358,"enumerateActionsMsPerState":112.362,"stateKeyMsPerState":0.0002,"cloneMsPerAction":0.0066,"sortMsPerLoop":0.2687,"rssMb":197.6,"heapUsedMb":26,"eventLoopUtilization":0}
Perf live: {"expandedPerSec":7.9,"generatedPerSec":41.58,"applyActionMsPerAction":1.8305,"enumerateActionsMsPerState":112.1728,"stateKeyMsPerState":0.0002,"cloneMsPerAction":0.0066,"sortMsPerLoop":0.2754,"rssMb":196.9,"heapUsedMb":54.3,"eventLoopUtilization":0}
Perf live: {"expandedPerSec":7.91,"generatedPerSec":41.89,"applyActionMsPerAction":1.8275,"enumerateActionsMsPerState":112.0697,"stateKeyMsPerState":0.0002,"cloneMsPerAction":0.0066,"sortMsPerLoop":0.2916,"rssMb":198.3,"heapUsedMb":77.6,"eventLoopUtilization":0}
Perf live: {"expandedPerSec":7.88,"generatedPerSec":41.79,"applyActionMsPerAction":1.8388,"enumerateActionsMsPerState":111.9238,"stateKeyMsPerState":0.0002,"cloneMsPerAction":0.0066,"sortMsPerLoop":0.2994,"rssMb":198.4,"heapUsedMb":77.8,"eventLoopUtilization":0}
Perf live: {"expandedPerSec":7.89,"generatedPerSec":41.54,"applyActionMsPerAction":1.8518,"enumerateActionsMsPerState":111.802,"stateKeyMsPerState":0.0002,"cloneMsPerAction":0.0066,"sortMsPerLoop":0.3186,"rssMb":197.6,"heapUsedMb":88.8,"eventLoopUtilization":0}
Perf live: {"expandedPerSec":7.9,"generatedPerSec":41.36,"applyActionMsPerAction":1.8628,"enumerateActionsMsPerState":111.7565,"stateKeyMsPerState":0.0002,"cloneMsPerAction":0.0066,"sortMsPerLoop":0.3246,"rssMb":198.5,"heapUsedMb":89.8,"eventLoopUtilization":0}
Perf live: {"expandedPerSec":7.89,"generatedPerSec":41.05,"applyActionMsPerAction":1.8704,"enumerateActionsMsPerState":111.8747,"stateKeyMsPerState":0.0002,"cloneMsPerAction":0.0067,"sortMsPerLoop":0.3316,"rssMb":197.6,"heapUsedMb":86.5,"eventLoopUtilization":0}
Perf live: {"expandedPerSec":7.89,"generatedPerSec":40.81,"applyActionMsPerAction":1.8766,"enumerateActionsMsPerState":111.949,"stateKeyMsPerState":0.0002,"cloneMsPerAction":0.0067,"sortMsPerLoop":0.3528,"rssMb":196.7,"heapUsedMb":47.1,"eventLoopUtilization":0}
Perf live: {"expandedPerSec":7.9,"generatedPerSec":40.65,"applyActionMsPerAction":1.8841,"enumerateActionsMsPerState":111.9086,"stateKeyMsPerState":0.0002,"cloneMsPerAction":0.0068,"sortMsPerLoop":0.3575,"rssMb":198.3,"heapUsedMb":67.8,"eventLoopUtilization":0}
Perf live: {"expandedPerSec":7.89,"generatedPerSec":40.66,"applyActionMsPerAction":1.8957,"enumerateActionsMsPerState":111.8886,"stateKeyMsPerState":0.0002,"cloneMsPerAction":0.0068,"sortMsPerLoop":0.3628,"rssMb":196.9,"heapUsedMb":65.5,"eventLoopUtilization":0}
Perf live: {"expandedPerSec":7.89,"generatedPerSec":40.44,"applyActionMsPerAction":1.9036,"enumerateActionsMsPerState":111.9628,"stateKeyMsPerState":0.0002,"cloneMsPerAction":0.0068,"sortMsPerLoop":0.377,"rssMb":196.6,"heapUsedMb":44.7,"eventLoopUtilization":0}
Perf live: {"expandedPerSec":7.89,"generatedPerSec":40.21,"applyActionMsPerAction":1.9102,"enumerateActionsMsPerState":112.0099,"stateKeyMsPerState":0.0002,"cloneMsPerAction":0.0068,"sortMsPerLoop":0.3944,"rssMb":198.5,"heapUsedMb":121.5,"eventLoopUtilization":0}
Perf live: {"expandedPerSec":7.87,"generatedPerSec":39.88,"applyActionMsPerAction":1.9126,"enumerateActionsMsPerState":112.0832,"stateKeyMsPerState":0.0002,"cloneMsPerAction":0.0069,"sortMsPerLoop":0.3991,"rssMb":199,"heapUsedMb":51,"eventLoopUtilization":0}
Perf live: {"expandedPerSec":7.88,"generatedPerSec":39.84,"applyActionMsPerAction":1.9177,"enumerateActionsMsPerState":111.9373,"stateKeyMsPerState":0.0002,"cloneMsPerAction":0.0069,"sortMsPerLoop":0.4073,"rssMb":197.6,"heapUsedMb":38,"eventLoopUtilization":0}
Perf live: {"expandedPerSec":7.87,"generatedPerSec":40.05,"applyActionMsPerAction":1.9257,"enumerateActionsMsPerState":111.9231,"stateKeyMsPerState":0.0002,"cloneMsPerAction":0.0068,"sortMsPerLoop":0.4139,"rssMb":201.8,"heapUsedMb":108.3,"eventLoopUtilization":0}
Perf live: {"expandedPerSec":7.86,"generatedPerSec":40.18,"applyActionMsPerAction":1.926,"enumerateActionsMsPerState":111.9969,"stateKeyMsPerState":0.0002,"cloneMsPerAction":0.0068,"sortMsPerLoop":0.4274,"rssMb":229.1,"heapUsedMb":57,"eventLoopUtilization":0}
Perf live: {"expandedPerSec":7.85,"generatedPerSec":40.32,"applyActionMsPerAction":1.9284,"enumerateActionsMsPerState":112.1048,"stateKeyMsPerState":0.0002,"cloneMsPerAction":0.0068,"sortMsPerLoop":0.4464,"rssMb":228.1,"heapUsedMb":87.2,"eventLoopUtilization":0}
Perf live: {"expandedPerSec":7.84,"generatedPerSec":40.38,"applyActionMsPerAction":1.9266,"enumerateActionsMsPerState":112.1481,"stateKeyMsPerState":0.0002,"cloneMsPerAction":0.0067,"sortMsPerLoop":0.4643,"rssMb":227.3,"heapUsedMb":82,"eventLoopUtilization":0}
Perf live: {"expandedPerSec":7.83,"generatedPerSec":40.49,"applyActionMsPerAction":1.9228,"enumerateActionsMsPerState":112.249,"stateKeyMsPerState":0.0002,"cloneMsPerAction":0.0067,"sortMsPerLoop":0.4772,"rssMb":228.4,"heapUsedMb":89.2,"eventLoopUtilization":0}
Perf live: {"expandedPerSec":7.83,"generatedPerSec":40.52,"applyActionMsPerAction":1.9203,"enumerateActionsMsPerState":112.352,"stateKeyMsPerState":0.0002,"cloneMsPerAction":0.0067,"sortMsPerLoop":0.4894,"rssMb":229.7,"heapUsedMb":66,"eventLoopUtilization":0}
Perf live: {"expandedPerSec":7.8,"generatedPerSec":40.23,"applyActionMsPerAction":1.9186,"enumerateActionsMsPerState":112.3669,"stateKeyMsPerState":0.0002,"cloneMsPerAction":0.0067,"sortMsPerLoop":0.5004,"rssMb":228.7,"heapUsedMb":87.7,"eventLoopUtilization":0}
Perf live: {"expandedPerSec":7.73,"generatedPerSec":40.07,"applyActionMsPerAction":1.9157,"enumerateActionsMsPerState":112.8403,"stateKeyMsPerState":0.0002,"cloneMsPerAction":0.0067,"sortMsPerLoop":0.5064,"rssMb":229.4,"heapUsedMb":85.5,"eventLoopUtilization":0}
Perf live: {"expandedPerSec":7.67,"generatedPerSec":39.88,"applyActionMsPerAction":1.9104,"enumerateActionsMsPerState":113.2325,"stateKeyMsPerState":0.0002,"cloneMsPerAction":0.0066,"sortMsPerLoop":0.5269,"rssMb":230.1,"heapUsedMb":97.8,"eventLoopUtilization":0}
Perf live: {"expandedPerSec":7.62,"generatedPerSec":39.43,"applyActionMsPerAction":1.9113,"enumerateActionsMsPerState":113.3835,"stateKeyMsPerState":0.0002,"cloneMsPerAction":0.0067,"sortMsPerLoop":0.5367,"rssMb":229.3,"heapUsedMb":63.6,"eventLoopUtilization":0}
Perf live: {"expandedPerSec":7.6,"generatedPerSec":39.16,"applyActionMsPerAction":1.9093,"enumerateActionsMsPerState":113.4829,"stateKeyMsPerState":0.0002,"cloneMsPerAction":0.0067,"sortMsPerLoop":0.5506,"rssMb":230.3,"heapUsedMb":79.4,"eventLoopUtilization":0}
Perf live: {"expandedPerSec":7.6,"generatedPerSec":38.92,"applyActionMsPerAction":1.9069,"enumerateActionsMsPerState":113.5376,"stateKeyMsPerState":0.0002,"cloneMsPerAction":0.0068,"sortMsPerLoop":0.5628,"rssMb":230.9,"heapUsedMb":71.1,"eventLoopUtilization":0}
Perf live: {"expandedPerSec":7.59,"generatedPerSec":38.83,"applyActionMsPerAction":1.9034,"enumerateActionsMsPerState":113.7871,"stateKeyMsPerState":0.0002,"cloneMsPerAction":0.0068,"sortMsPerLoop":0.5707,"rssMb":230.7,"heapUsedMb":93.1,"eventLoopUtilization":0}
Perf live: {"expandedPerSec":7.6,"generatedPerSec":38.64,"applyActionMsPerAction":1.901,"enumerateActionsMsPerState":113.8505,"stateKeyMsPerState":0.0002,"cloneMsPerAction":0.0068,"sortMsPerLoop":0.5779,"rssMb":228.3,"heapUsedMb":92.8,"eventLoopUtilization":0}
Perf live: {"expandedPerSec":7.6,"generatedPerSec":38.53,"applyActionMsPerAction":1.8982,"enumerateActionsMsPerState":113.9875,"stateKeyMsPerState":0.0002,"cloneMsPerAction":0.0069,"sortMsPerLoop":0.6091,"rssMb":228.2,"heapUsedMb":61.3,"eventLoopUtilization":0}
Perf live: {"expandedPerSec":7.59,"generatedPerSec":38.42,"applyActionMsPerAction":1.8954,"enumerateActionsMsPerState":114.1372,"stateKeyMsPerState":0.0002,"cloneMsPerAction":0.0069,"sortMsPerLoop":0.619,"rssMb":228.7,"heapUsedMb":73.5,"eventLoopUtilization":0}
Perf live: {"expandedPerSec":7.57,"generatedPerSec":38.38,"applyActionMsPerAction":1.8934,"enumerateActionsMsPerState":114.5371,"stateKeyMsPerState":0.0002,"cloneMsPerAction":0.0069,"sortMsPerLoop":0.628,"rssMb":229.1,"heapUsedMb":73.8,"eventLoopUtilization":0}
Perf live: {"expandedPerSec":7.52,"generatedPerSec":38.03,"applyActionMsPerAction":1.8924,"enumerateActionsMsPerState":114.6742,"stateKeyMsPerState":0.0002,"cloneMsPerAction":0.0069,"sortMsPerLoop":0.6399,"rssMb":228.5,"heapUsedMb":136.8,"eventLoopUtilization":0}
Perf live: {"expandedPerSec":7.5,"generatedPerSec":37.81,"applyActionMsPerAction":1.8916,"enumerateActionsMsPerState":114.8748,"stateKeyMsPerState":0.0002,"cloneMsPerAction":0.007,"sortMsPerLoop":0.6489,"rssMb":235.4,"heapUsedMb":95.5,"eventLoopUtilization":0}
Perf live: {"expandedPerSec":7.49,"generatedPerSec":37.55,"applyActionMsPerAction":1.8903,"enumerateActionsMsPerState":114.9637,"stateKeyMsPerState":0.0002,"cloneMsPerAction":0.007,"sortMsPerLoop":0.6778,"rssMb":237.3,"heapUsedMb":102.2,"eventLoopUtilization":0}
Perf live: {"expandedPerSec":7.49,"generatedPerSec":37.48,"applyActionMsPerAction":1.8871,"enumerateActionsMsPerState":115.1129,"stateKeyMsPerState":0.0002,"cloneMsPerAction":0.007,"sortMsPerLoop":0.6844,"rssMb":237.7,"heapUsedMb":110.5,"eventLoopUtilization":0}
Perf live: {"expandedPerSec":7.49,"generatedPerSec":37.33,"applyActionMsPerAction":1.8868,"enumerateActionsMsPerState":115.2433,"stateKeyMsPerState":0.0002,"cloneMsPerAction":0.0071,"sortMsPerLoop":0.6934,"rssMb":238.6,"heapUsedMb":85.2,"eventLoopUtilization":0}
Perf live: {"expandedPerSec":7.49,"generatedPerSec":37.21,"applyActionMsPerAction":1.8846,"enumerateActionsMsPerState":115.3689,"stateKeyMsPerState":0.0002,"cloneMsPerAction":0.0071,"sortMsPerLoop":0.7009,"rssMb":236.3,"heapUsedMb":66.6,"eventLoopUtilization":0}
Perf live: {"expandedPerSec":7.49,"generatedPerSec":37.07,"applyActionMsPerAction":1.8828,"enumerateActionsMsPerState":115.4694,"stateKeyMsPerState":0.0002,"cloneMsPerAction":0.0072,"sortMsPerLoop":0.7113,"rssMb":237.6,"heapUsedMb":63.9,"eventLoopUtilization":0}
Perf live: {"expandedPerSec":7.48,"generatedPerSec":37.07,"applyActionMsPerAction":1.8791,"enumerateActionsMsPerState":115.684,"stateKeyMsPerState":0.0002,"cloneMsPerAction":0.0072,"sortMsPerLoop":0.7188,"rssMb":237.5,"heapUsedMb":136,"eventLoopUtilization":0}
Perf live: {"expandedPerSec":7.45,"generatedPerSec":36.78,"applyActionMsPerAction":1.8783,"enumerateActionsMsPerState":115.7352,"stateKeyMsPerState":0.0002,"cloneMsPerAction":0.0072,"sortMsPerLoop":0.7257,"rssMb":247,"heapUsedMb":93.1,"eventLoopUtilization":0}
Perf live: {"expandedPerSec":7.43,"generatedPerSec":36.62,"applyActionMsPerAction":1.8763,"enumerateActionsMsPerState":115.8167,"stateKeyMsPerState":0.0002,"cloneMsPerAction":0.0072,"sortMsPerLoop":0.7335,"rssMb":246.1,"heapUsedMb":64.4,"eventLoopUtilization":0}
Perf live: {"expandedPerSec":7.43,"generatedPerSec":36.46,"applyActionMsPerAction":1.8744,"enumerateActionsMsPerState":115.8413,"stateKeyMsPerState":0.0002,"cloneMsPerAction":0.0073,"sortMsPerLoop":0.7657,"rssMb":246.7,"heapUsedMb":56.6,"eventLoopUtilization":0}
Perf live: {"expandedPerSec":7.43,"generatedPerSec":36.43,"applyActionMsPerAction":1.8718,"enumerateActionsMsPerState":115.9813,"stateKeyMsPerState":0.0002,"cloneMsPerAction":0.0073,"sortMsPerLoop":0.7728,"rssMb":245.4,"heapUsedMb":66.4,"eventLoopUtilization":0}
Perf live: {"expandedPerSec":7.44,"generatedPerSec":36.3,"applyActionMsPerAction":1.8708,"enumerateActionsMsPerState":115.9906,"stateKeyMsPerState":0.0002,"cloneMsPerAction":0.0073,"sortMsPerLoop":0.7817,"rssMb":245.5,"heapUsedMb":119.6,"eventLoopUtilization":0}
Perf live: {"expandedPerSec":7.45,"generatedPerSec":36.2,"applyActionMsPerAction":1.8687,"enumerateActionsMsPerState":116.0171,"stateKeyMsPerState":0.0002,"cloneMsPerAction":0.0074,"sortMsPerLoop":0.7949,"rssMb":245.3,"heapUsedMb":90.2,"eventLoopUtilization":0}
Perf live: {"expandedPerSec":7.45,"generatedPerSec":36.15,"applyActionMsPerAction":1.8657,"enumerateActionsMsPerState":116.1058,"stateKeyMsPerState":0.0002,"cloneMsPerAction":0.0074,"sortMsPerLoop":0.8018,"rssMb":245.8,"heapUsedMb":152.8,"eventLoopUtilization":0}
Perf live: {"expandedPerSec":7.45,"generatedPerSec":36.08,"applyActionMsPerAction":1.8635,"enumerateActionsMsPerState":116.2011,"stateKeyMsPerState":0.0002,"cloneMsPerAction":0.0074,"sortMsPerLoop":0.8199,"rssMb":296.3,"heapUsedMb":62.9,"eventLoopUtilization":0}
Perf live: {"expandedPerSec":7.44,"generatedPerSec":36.08,"applyActionMsPerAction":1.8606,"enumerateActionsMsPerState":116.397,"stateKeyMsPerState":0.0002,"cloneMsPerAction":0.0074,"sortMsPerLoop":0.8347,"rssMb":297.2,"heapUsedMb":129.2,"eventLoopUtilization":0}
Perf live: {"expandedPerSec":7.41,"generatedPerSec":36.08,"applyActionMsPerAction":1.857,"enumerateActionsMsPerState":116.6389,"stateKeyMsPerState":0.0002,"cloneMsPerAction":0.0074,"sortMsPerLoop":0.8479,"rssMb":297.9,"heapUsedMb":193.7,"eventLoopUtilization":0}
Perf live: {"expandedPerSec":7.38,"generatedPerSec":36.1,"applyActionMsPerAction":1.8537,"enumerateActionsMsPerState":116.8671,"stateKeyMsPerState":0.0002,"cloneMsPerAction":0.0074,"sortMsPerLoop":0.8479,"rssMb":305.8,"heapUsedMb":79.6,"eventLoopUtilization":0}
Perf live: {"expandedPerSec":7.36,"generatedPerSec":36.11,"applyActionMsPerAction":1.8484,"enumerateActionsMsPerState":117.0526,"stateKeyMsPerState":0.0002,"cloneMsPerAction":0.0073,"sortMsPerLoop":0.8588,"rssMb":308.2,"heapUsedMb":86.2,"eventLoopUtilization":0}
Perf live: {"expandedPerSec":7.32,"generatedPerSec":36.08,"applyActionMsPerAction":1.8444,"enumerateActionsMsPerState":117.2456,"stateKeyMsPerState":0.0002,"cloneMsPerAction":0.0073,"sortMsPerLoop":0.8788,"rssMb":308.3,"heapUsedMb":79.7,"eventLoopUtilization":0}
Perf live: {"expandedPerSec":7.3,"generatedPerSec":36.09,"applyActionMsPerAction":1.8406,"enumerateActionsMsPerState":117.4871,"stateKeyMsPerState":0.0002,"cloneMsPerAction":0.0072,"sortMsPerLoop":0.9007,"rssMb":308.4,"heapUsedMb":79.4,"eventLoopUtilization":0}
Perf live: {"expandedPerSec":7.27,"generatedPerSec":36.09,"applyActionMsPerAction":1.8377,"enumerateActionsMsPerState":117.6945,"stateKeyMsPerState":0.0002,"cloneMsPerAction":0.0072,"sortMsPerLoop":0.9177,"rssMb":309,"heapUsedMb":148.9,"eventLoopUtilization":0}
Perf live: {"expandedPerSec":7.23,"generatedPerSec":35.99,"applyActionMsPerAction":1.8355,"enumerateActionsMsPerState":117.8758,"stateKeyMsPerState":0.0002,"cloneMsPerAction":0.0072,"sortMsPerLoop":0.9177,"rssMb":309,"heapUsedMb":104.6,"eventLoopUtilization":0}
Perf live: {"expandedPerSec":7.22,"generatedPerSec":35.99,"applyActionMsPerAction":1.8278,"enumerateActionsMsPerState":117.9164,"stateKeyMsPerState":0.0002,"cloneMsPerAction":0.0072,"sortMsPerLoop":0.9292,"rssMb":309.4,"heapUsedMb":97.7,"eventLoopUtilization":0}
Perf live: {"expandedPerSec":7.22,"generatedPerSec":35.85,"applyActionMsPerAction":1.8285,"enumerateActionsMsPerState":117.8692,"stateKeyMsPerState":0.0002,"cloneMsPerAction":0.0072,"sortMsPerLoop":0.9573,"rssMb":309.4,"heapUsedMb":171.3,"eventLoopUtilization":0}
Perf live: {"expandedPerSec":7.23,"generatedPerSec":35.74,"applyActionMsPerAction":1.83,"enumerateActionsMsPerState":117.8241,"stateKeyMsPerState":0.0002,"cloneMsPerAction":0.0073,"sortMsPerLoop":0.9649,"rssMb":308.7,"heapUsedMb":78.3,"eventLoopUtilization":0}
Perf live: {"expandedPerSec":7.24,"generatedPerSec":35.78,"applyActionMsPerAction":1.8213,"enumerateActionsMsPerState":117.7698,"stateKeyMsPerState":0.0002,"cloneMsPerAction":0.0073,"sortMsPerLoop":0.9773,"rssMb":309.6,"heapUsedMb":158.6,"eventLoopUtilization":0}
Perf live: {"expandedPerSec":7.24,"generatedPerSec":35.73,"applyActionMsPerAction":1.8202,"enumerateActionsMsPerState":117.9034,"stateKeyMsPerState":0.0002,"cloneMsPerAction":0.0073,"sortMsPerLoop":0.986,"rssMb":307.2,"heapUsedMb":87,"eventLoopUtilization":0}
Perf live: {"expandedPerSec":7.21,"generatedPerSec":35.62,"applyActionMsPerAction":1.8203,"enumerateActionsMsPerState":118.1058,"stateKeyMsPerState":0.0002,"cloneMsPerAction":0.0073,"sortMsPerLoop":1.0036,"rssMb":306.8,"heapUsedMb":79.1,"eventLoopUtilization":0}
Perf live: {"expandedPerSec":7.2,"generatedPerSec":35.58,"applyActionMsPerAction":1.8196,"enumerateActionsMsPerState":118.3481,"stateKeyMsPerState":0.0002,"cloneMsPerAction":0.0072,"sortMsPerLoop":1.0357,"rssMb":307.5,"heapUsedMb":143.3,"eventLoopUtilization":0}
Perf live: {"expandedPerSec":7.18,"generatedPerSec":35.45,"applyActionMsPerAction":1.8206,"enumerateActionsMsPerState":118.4807,"stateKeyMsPerState":0.0002,"cloneMsPerAction":0.0072,"sortMsPerLoop":1.0449,"rssMb":308,"heapUsedMb":211.9,"eventLoopUtilization":0}
Perf live: {"expandedPerSec":7.17,"generatedPerSec":35.35,"applyActionMsPerAction":1.8232,"enumerateActionsMsPerState":118.6377,"stateKeyMsPerState":0.0002,"cloneMsPerAction":0.0072,"sortMsPerLoop":1.0591,"rssMb":309,"heapUsedMb":133.8,"eventLoopUtilization":0}
Perf live: {"expandedPerSec":7.17,"generatedPerSec":35.28,"applyActionMsPerAction":1.8274,"enumerateActionsMsPerState":118.8243,"stateKeyMsPerState":0.0002,"cloneMsPerAction":0.0072,"sortMsPerLoop":1.0705,"rssMb":308.6,"heapUsedMb":108.2,"eventLoopUtilization":0}
Perf live: {"expandedPerSec":7.16,"generatedPerSec":35.21,"applyActionMsPerAction":1.8298,"enumerateActionsMsPerState":118.9731,"stateKeyMsPerState":0.0002,"cloneMsPerAction":0.0072,"sortMsPerLoop":1.0969,"rssMb":308.7,"heapUsedMb":78.2,"eventLoopUtilization":0}
Perf live: {"expandedPerSec":7.16,"generatedPerSec":35.15,"applyActionMsPerAction":1.8316,"enumerateActionsMsPerState":119.1571,"stateKeyMsPerState":0.0002,"cloneMsPerAction":0.0072,"sortMsPerLoop":1.1057,"rssMb":309.3,"heapUsedMb":159.9,"eventLoopUtilization":0}
Perf live: {"expandedPerSec":7.16,"generatedPerSec":35.1,"applyActionMsPerAction":1.8324,"enumerateActionsMsPerState":119.3583,"stateKeyMsPerState":0.0002,"cloneMsPerAction":0.0072,"sortMsPerLoop":1.1285,"rssMb":309.6,"heapUsedMb":139.9,"eventLoopUtilization":0}
Perf live: {"expandedPerSec":7.15,"generatedPerSec":35.07,"applyActionMsPerAction":1.8339,"enumerateActionsMsPerState":119.5566,"stateKeyMsPerState":0.0002,"cloneMsPerAction":0.0072,"sortMsPerLoop":1.1458,"rssMb":308.6,"heapUsedMb":101.9,"eventLoopUtilization":0}
Perf live: {"expandedPerSec":7.14,"generatedPerSec":34.99,"applyActionMsPerAction":1.8356,"enumerateActionsMsPerState":119.6595,"stateKeyMsPerState":0.0002,"cloneMsPerAction":0.0072,"sortMsPerLoop":1.1547,"rssMb":309.6,"heapUsedMb":93.6,"eventLoopUtilization":0}
Perf live: {"expandedPerSec":7.14,"generatedPerSec":34.9,"applyActionMsPerAction":1.8369,"enumerateActionsMsPerState":119.7626,"stateKeyMsPerState":0.0002,"cloneMsPerAction":0.0071,"sortMsPerLoop":1.1648,"rssMb":308.6,"heapUsedMb":158.9,"eventLoopUtilization":0}
Perf live: {"expandedPerSec":7.13,"generatedPerSec":34.84,"applyActionMsPerAction":1.839,"enumerateActionsMsPerState":120.0198,"stateKeyMsPerState":0.0002,"cloneMsPerAction":0.0071,"sortMsPerLoop":1.181,"rssMb":315.6,"heapUsedMb":228.6,"eventLoopUtilization":0}
Perf live: {"expandedPerSec":7.12,"generatedPerSec":34.76,"applyActionMsPerAction":1.8419,"enumerateActionsMsPerState":120.203,"stateKeyMsPerState":0.0002,"cloneMsPerAction":0.0072,"sortMsPerLoop":1.2122,"rssMb":331.8,"heapUsedMb":115.8,"eventLoopUtilization":0}
Perf live: {"expandedPerSec":7.12,"generatedPerSec":34.71,"applyActionMsPerAction":1.8434,"enumerateActionsMsPerState":120.3512,"stateKeyMsPerState":0.0002,"cloneMsPerAction":0.0071,"sortMsPerLoop":1.2205,"rssMb":332.1,"heapUsedMb":190.9,"eventLoopUtilization":0}
Perf live: {"expandedPerSec":7.11,"generatedPerSec":34.67,"applyActionMsPerAction":1.845,"enumerateActionsMsPerState":120.5577,"stateKeyMsPerState":0.0002,"cloneMsPerAction":0.0071,"sortMsPerLoop":1.2434,"rssMb":332.1,"heapUsedMb":119.4,"eventLoopUtilization":0}
Perf live: {"expandedPerSec":7.11,"generatedPerSec":34.58,"applyActionMsPerAction":1.8462,"enumerateActionsMsPerState":120.6556,"stateKeyMsPerState":0.0002,"cloneMsPerAction":0.0071,"sortMsPerLoop":1.2535,"rssMb":332.4,"heapUsedMb":197.4,"eventLoopUtilization":0}
Perf live: {"expandedPerSec":7.1,"generatedPerSec":34.51,"applyActionMsPerAction":1.8478,"enumerateActionsMsPerState":120.772,"stateKeyMsPerState":0.0002,"cloneMsPerAction":0.0071,"sortMsPerLoop":1.2859,"rssMb":332.5,"heapUsedMb":121.2,"eventLoopUtilization":0}
Perf live: {"expandedPerSec":7.1,"generatedPerSec":34.47,"applyActionMsPerAction":1.85,"enumerateActionsMsPerState":120.9126,"stateKeyMsPerState":0.0002,"cloneMsPerAction":0.0071,"sortMsPerLoop":1.2971,"rssMb":332.2,"heapUsedMb":96.7,"eventLoopUtilization":0}
Perf live: {"expandedPerSec":7.1,"generatedPerSec":34.4,"applyActionMsPerAction":1.8511,"enumerateActionsMsPerState":121.0308,"stateKeyMsPerState":0.0002,"cloneMsPerAction":0.0071,"sortMsPerLoop":1.3116,"rssMb":332.3,"heapUsedMb":158.6,"eventLoopUtilization":0}
Perf live: {"expandedPerSec":7.09,"generatedPerSec":34.35,"applyActionMsPerAction":1.8525,"enumerateActionsMsPerState":121.2114,"stateKeyMsPerState":0.0002,"cloneMsPerAction":0.0071,"sortMsPerLoop":1.3283,"rssMb":331.8,"heapUsedMb":223.9,"eventLoopUtilization":0}
Perf live: {"expandedPerSec":7.08,"generatedPerSec":34.29,"applyActionMsPerAction":1.8546,"enumerateActionsMsPerState":121.4242,"stateKeyMsPerState":0.0002,"cloneMsPerAction":0.0071,"sortMsPerLoop":1.3449,"rssMb":331.5,"heapUsedMb":128.5,"eventLoopUtilization":0}
Perf live: {"expandedPerSec":7.08,"generatedPerSec":34.28,"applyActionMsPerAction":1.8545,"enumerateActionsMsPerState":121.5627,"stateKeyMsPerState":0.0002,"cloneMsPerAction":0.0071,"sortMsPerLoop":1.3555,"rssMb":331.5,"heapUsedMb":195,"eventLoopUtilization":0}
Perf live: {"expandedPerSec":7.07,"generatedPerSec":34.23,"applyActionMsPerAction":1.8544,"enumerateActionsMsPerState":121.6764,"stateKeyMsPerState":0.0002,"cloneMsPerAction":0.0071,"sortMsPerLoop":1.3651,"rssMb":332.5,"heapUsedMb":121.5,"eventLoopUtilization":0}
Perf live: {"expandedPerSec":7.06,"generatedPerSec":34.21,"applyActionMsPerAction":1.8545,"enumerateActionsMsPerState":121.8513,"stateKeyMsPerState":0.0002,"cloneMsPerAction":0.0071,"sortMsPerLoop":1.3725,"rssMb":332.5,"heapUsedMb":190.9,"eventLoopUtilization":0}
Perf live: {"expandedPerSec":7.05,"generatedPerSec":34.14,"applyActionMsPerAction":1.8539,"enumerateActionsMsPerState":121.9826,"stateKeyMsPerState":0.0002,"cloneMsPerAction":0.0071,"sortMsPerLoop":1.3799,"rssMb":335.6,"heapUsedMb":251.2,"eventLoopUtilization":0}
Perf live: {"expandedPerSec":7.03,"generatedPerSec":34.08,"applyActionMsPerAction":1.854,"enumerateActionsMsPerState":122.1477,"stateKeyMsPerState":0.0002,"cloneMsPerAction":0.007,"sortMsPerLoop":1.3868,"rssMb":377.8,"heapUsedMb":102.1,"eventLoopUtilization":0}
Perf live: {"expandedPerSec":7.03,"generatedPerSec":34.07,"applyActionMsPerAction":1.8536,"enumerateActionsMsPerState":122.2939,"stateKeyMsPerState":0.0002,"cloneMsPerAction":0.007,"sortMsPerLoop":1.4003,"rssMb":378.7,"heapUsedMb":168.6,"eventLoopUtilization":0}
Perf live: {"expandedPerSec":7.02,"generatedPerSec":34.01,"applyActionMsPerAction":1.8534,"enumerateActionsMsPerState":122.4368,"stateKeyMsPerState":0.0002,"cloneMsPerAction":0.007,"sortMsPerLoop":1.4003,"rssMb":377.7,"heapUsedMb":92.6,"eventLoopUtilization":0}
Perf live: {"expandedPerSec":7,"generatedPerSec":33.94,"applyActionMsPerAction":1.8537,"enumerateActionsMsPerState":122.6124,"stateKeyMsPerState":0.0002,"cloneMsPerAction":0.007,"sortMsPerLoop":1.4209,"rssMb":377.9,"heapUsedMb":149.3,"eventLoopUtilization":0}
Perf live: {"expandedPerSec":6.99,"generatedPerSec":33.89,"applyActionMsPerAction":1.8548,"enumerateActionsMsPerState":122.7779,"stateKeyMsPerState":0.0002,"cloneMsPerAction":0.007,"sortMsPerLoop":1.4326,"rssMb":378.1,"heapUsedMb":223.7,"eventLoopUtilization":0}
Perf live: {"expandedPerSec":6.97,"generatedPerSec":33.83,"applyActionMsPerAction":1.8552,"enumerateActionsMsPerState":122.9852,"stateKeyMsPerState":0.0002,"cloneMsPerAction":0.007,"sortMsPerLoop":1.4528,"rssMb":378.2,"heapUsedMb":272.4,"eventLoopUtilization":0}
Perf live: {"expandedPerSec":6.96,"generatedPerSec":33.77,"applyActionMsPerAction":1.8563,"enumerateActionsMsPerState":123.1828,"stateKeyMsPerState":0.0002,"cloneMsPerAction":0.007,"sortMsPerLoop":1.4722,"rssMb":385,"heapUsedMb":114,"eventLoopUtilization":0}
Perf live: {"expandedPerSec":6.95,"generatedPerSec":33.71,"applyActionMsPerAction":1.857,"enumerateActionsMsPerState":123.3729,"stateKeyMsPerState":0.0002,"cloneMsPerAction":0.007,"sortMsPerLoop":1.4875,"rssMb":386.4,"heapUsedMb":96.7,"eventLoopUtilization":0}
Perf live: {"expandedPerSec":6.93,"generatedPerSec":33.63,"applyActionMsPerAction":1.8577,"enumerateActionsMsPerState":123.5456,"stateKeyMsPerState":0.0002,"cloneMsPerAction":0.007,"sortMsPerLoop":1.4983,"rssMb":386.3,"heapUsedMb":155.4,"eventLoopUtilization":0}
Perf live: {"expandedPerSec":6.91,"generatedPerSec":33.55,"applyActionMsPerAction":1.8578,"enumerateActionsMsPerState":123.6817,"stateKeyMsPerState":0.0002,"cloneMsPerAction":0.0069,"sortMsPerLoop":1.4983,"rssMb":386.5,"heapUsedMb":218.2,"eventLoopUtilization":0}
Perf live: {"expandedPerSec":6.92,"generatedPerSec":33.48,"applyActionMsPerAction":1.8559,"enumerateActionsMsPerState":123.6723,"stateKeyMsPerState":0.0002,"cloneMsPerAction":0.007,"sortMsPerLoop":1.5116,"rssMb":386,"heapUsedMb":280.3,"eventLoopUtilization":0}
Perf live: {"expandedPerSec":6.92,"generatedPerSec":33.37,"applyActionMsPerAction":1.8554,"enumerateActionsMsPerState":123.6784,"stateKeyMsPerState":0.0002,"cloneMsPerAction":0.007,"sortMsPerLoop":1.5348,"rssMb":388.2,"heapUsedMb":141.8,"eventLoopUtilization":0}
Perf live: {"expandedPerSec":6.93,"generatedPerSec":33.27,"applyActionMsPerAction":1.857,"enumerateActionsMsPerState":123.6462,"stateKeyMsPerState":0.0002,"cloneMsPerAction":0.007,"sortMsPerLoop":1.5392,"rssMb":388.2,"heapUsedMb":214.4,"eventLoopUtilization":0}
Perf live: {"expandedPerSec":6.93,"generatedPerSec":33.18,"applyActionMsPerAction":1.8551,"enumerateActionsMsPerState":123.6338,"stateKeyMsPerState":0.0002,"cloneMsPerAction":0.007,"sortMsPerLoop":1.5449,"rssMb":388.2,"heapUsedMb":278.5,"eventLoopUtilization":0}
Perf live: {"expandedPerSec":6.93,"generatedPerSec":33.09,"applyActionMsPerAction":1.8534,"enumerateActionsMsPerState":123.6886,"stateKeyMsPerState":0.0002,"cloneMsPerAction":0.007,"sortMsPerLoop":1.5577,"rssMb":396.2,"heapUsedMb":103.9,"eventLoopUtilization":0}
Perf live: {"expandedPerSec":6.94,"generatedPerSec":33.01,"applyActionMsPerAction":1.8521,"enumerateActionsMsPerState":123.7434,"stateKeyMsPerState":0.0002,"cloneMsPerAction":0.0071,"sortMsPerLoop":1.569,"rssMb":396.7,"heapUsedMb":173,"eventLoopUtilization":0}
Perf live: {"expandedPerSec":6.93,"generatedPerSec":32.86,"applyActionMsPerAction":1.8523,"enumerateActionsMsPerState":123.7347,"stateKeyMsPerState":0.0002,"cloneMsPerAction":0.0071,"sortMsPerLoop":1.5812,"rssMb":396.7,"heapUsedMb":238.7,"eventLoopUtilization":0}
Perf live: {"expandedPerSec":6.92,"generatedPerSec":32.74,"applyActionMsPerAction":1.8518,"enumerateActionsMsPerState":123.7195,"stateKeyMsPerState":0.0002,"cloneMsPerAction":0.0071,"sortMsPerLoop":1.5932,"rssMb":397.5,"heapUsedMb":286,"eventLoopUtilization":0}
Perf live: {"expandedPerSec":6.92,"generatedPerSec":32.66,"applyActionMsPerAction":1.8505,"enumerateActionsMsPerState":123.6927,"stateKeyMsPerState":0.0002,"cloneMsPerAction":0.0071,"sortMsPerLoop":1.6007,"rssMb":399,"heapUsedMb":136.4,"eventLoopUtilization":0}
Perf live: {"expandedPerSec":6.93,"generatedPerSec":32.59,"applyActionMsPerAction":1.8496,"enumerateActionsMsPerState":123.7031,"stateKeyMsPerState":0.0002,"cloneMsPerAction":0.0071,"sortMsPerLoop":1.6302,"rssMb":399.8,"heapUsedMb":211.6,"eventLoopUtilization":0}
Perf live: {"expandedPerSec":6.93,"generatedPerSec":32.51,"applyActionMsPerAction":1.8486,"enumerateActionsMsPerState":123.7142,"stateKeyMsPerState":0.0002,"cloneMsPerAction":0.0071,"sortMsPerLoop":1.6363,"rssMb":400.6,"heapUsedMb":273,"eventLoopUtilization":0}
Perf live: {"expandedPerSec":6.94,"generatedPerSec":32.43,"applyActionMsPerAction":1.8472,"enumerateActionsMsPerState":123.7818,"stateKeyMsPerState":0.0002,"cloneMsPerAction":0.0072,"sortMsPerLoop":1.6478,"rssMb":401.2,"heapUsedMb":105.1,"eventLoopUtilization":0}
Perf live: {"expandedPerSec":6.93,"generatedPerSec":32.32,"applyActionMsPerAction":1.8463,"enumerateActionsMsPerState":123.7864,"stateKeyMsPerState":0.0002,"cloneMsPerAction":0.0072,"sortMsPerLoop":1.6688,"rssMb":401.2,"heapUsedMb":164.3,"eventLoopUtilization":0}
Perf live: {"expandedPerSec":6.93,"generatedPerSec":32.21,"applyActionMsPerAction":1.8459,"enumerateActionsMsPerState":123.7667,"stateKeyMsPerState":0.0002,"cloneMsPerAction":0.0072,"sortMsPerLoop":1.6768,"rssMb":402.1,"heapUsedMb":229.1,"eventLoopUtilization":0}
Perf live: {"expandedPerSec":6.92,"generatedPerSec":32.09,"applyActionMsPerAction":1.8454,"enumerateActionsMsPerState":123.7115,"stateKeyMsPerState":0.0002,"cloneMsPerAction":0.0072,"sortMsPerLoop":1.6853,"rssMb":402.3,"heapUsedMb":290.8,"eventLoopUtilization":0}
Perf live: {"expandedPerSec":6.91,"generatedPerSec":31.99,"applyActionMsPerAction":1.8445,"enumerateActionsMsPerState":123.6976,"stateKeyMsPerState":0.0002,"cloneMsPerAction":0.0072,"sortMsPerLoop":1.6948,"rssMb":408.5,"heapUsedMb":134,"eventLoopUtilization":0}
Perf live: {"expandedPerSec":6.91,"generatedPerSec":31.89,"applyActionMsPerAction":1.8439,"enumerateActionsMsPerState":123.6629,"stateKeyMsPerState":0.0002,"cloneMsPerAction":0.0072,"sortMsPerLoop":1.7058,"rssMb":408.5,"heapUsedMb":197.6,"eventLoopUtilization":0}
Perf live: {"expandedPerSec":6.91,"generatedPerSec":31.8,"applyActionMsPerAction":1.8428,"enumerateActionsMsPerState":123.5946,"stateKeyMsPerState":0.0002,"cloneMsPerAction":0.0072,"sortMsPerLoop":1.7103,"rssMb":408.7,"heapUsedMb":251.8,"eventLoopUtilization":0}
Perf live: {"expandedPerSec":6.9,"generatedPerSec":31.69,"applyActionMsPerAction":1.8416,"enumerateActionsMsPerState":123.4922,"stateKeyMsPerState":0.0002,"cloneMsPerAction":0.0072,"sortMsPerLoop":1.7144,"rssMb":408.9,"heapUsedMb":112.7,"eventLoopUtilization":0}
Perf live: {"expandedPerSec":6.9,"generatedPerSec":31.65,"applyActionMsPerAction":1.8391,"enumerateActionsMsPerState":123.3399,"stateKeyMsPerState":0.0002,"cloneMsPerAction":0.0072,"sortMsPerLoop":1.7185,"rssMb":408.9,"heapUsedMb":199.3,"eventLoopUtilization":0}
Perf live: {"expandedPerSec":6.91,"generatedPerSec":31.62,"applyActionMsPerAction":1.8367,"enumerateActionsMsPerState":123.1944,"stateKeyMsPerState":0.0002,"cloneMsPerAction":0.0072,"sortMsPerLoop":1.7234,"rssMb":408.8,"heapUsedMb":258.9,"eventLoopUtilization":0}
Perf live: {"expandedPerSec":6.92,"generatedPerSec":31.59,"applyActionMsPerAction":1.8344,"enumerateActionsMsPerState":123.0265,"stateKeyMsPerState":0.0002,"cloneMsPerAction":0.0072,"sortMsPerLoop":1.7338,"rssMb":418.2,"heapUsedMb":98.9,"eventLoopUtilization":0}
Search finished: found=0, expansions=5000, frontier=3619, elapsedMs=722563
Summary written: routes/latest/whiteisland-trial-topk.summary.json
