Loaded project: 白色孤岛
Trial entry: Start 3,3 -> 试炼间 -> A1 6,11
Auto features: pickup=on, battle=on
Goal: win event; topK=1; maxExpansions=1000
Perf live: {"expandedPerSec":6.76,"generatedPerSec":39.77,"applyActionMsPerAction":1.5773,"enumerateActionsMsPerState":133.4869,"stateKeyMsPerState":0.0006,"cloneMsPerAction":0.0046,"sortMsPerLoop":0.2621,"rssMb":132.1,"heapUsedMb":27,"eventLoopUtilization":0}
Perf live: {"expandedPerSec":6.83,"generatedPerSec":35.45,"applyActionMsPerAction":1.3329,"enumerateActionsMsPerState":135.9313,"stateKeyMsPerState":0.0006,"cloneMsPerAction":0.0049,"sortMsPerLoop":0.1626,"rssMb":130.8,"heapUsedMb":47,"eventLoopUtilization":0}
Perf live: {"expandedPerSec":7.07,"generatedPerSec":33.76,"applyActionMsPerAction":1.2049,"enumerateActionsMsPerState":132.8535,"stateKeyMsPerState":0.0006,"cloneMsPerAction":0.0051,"sortMsPerLoop":0.1253,"rssMb":131,"heapUsedMb":44.7,"eventLoopUtilization":0}
Perf live: {"expandedPerSec":7.09,"generatedPerSec":33.25,"applyActionMsPerAction":1.3081,"enumerateActionsMsPerState":131.8023,"stateKeyMsPerState":0.0005,"cloneMsPerAction":0.0051,"sortMsPerLoop":0.1063,"rssMb":132.6,"heapUsedMb":14.9,"eventLoopUtilization":0}
Perf live: {"expandedPerSec":7.07,"generatedPerSec":33.04,"applyActionMsPerAction":1.3672,"enumerateActionsMsPerState":131.9471,"stateKeyMsPerState":0.0005,"cloneMsPerAction":0.0052,"sortMsPerLoop":0.1127,"rssMb":131.4,"heapUsedMb":21.1,"eventLoopUtilization":0}
Perf live: {"expandedPerSec":6.92,"generatedPerSec":32.99,"applyActionMsPerAction":1.3749,"enumerateActionsMsPerState":135.0529,"stateKeyMsPerState":0.0005,"cloneMsPerAction":0.0052,"sortMsPerLoop":0.1031,"rssMb":131.4,"heapUsedMb":26.3,"eventLoopUtilization":0}
Perf live: {"expandedPerSec":7.11,"generatedPerSec":34.29,"applyActionMsPerAction":1.3647,"enumerateActionsMsPerState":131.311,"stateKeyMsPerState":0.0004,"cloneMsPerAction":0.005,"sortMsPerLoop":0.1004,"rssMb":132.6,"heapUsedMb":56.8,"eventLoopUtilization":0}
Perf live: {"expandedPerSec":7.48,"generatedPerSec":38.02,"applyActionMsPerAction":1.4999,"enumerateActionsMsPerState":122.6865,"stateKeyMsPerState":0.0004,"cloneMsPerAction":0.0049,"sortMsPerLoop":0.1023,"rssMb":146,"heapUsedMb":72.3,"eventLoopUtilization":0}
Perf live: {"expandedPerSec":7.49,"generatedPerSec":37.64,"applyActionMsPerAction":1.5701,"enumerateActionsMsPerState":120.888,"stateKeyMsPerState":0.0004,"cloneMsPerAction":0.0052,"sortMsPerLoop":0.1045,"rssMb":147.5,"heapUsedMb":34.5,"eventLoopUtilization":0}
Perf live: {"expandedPerSec":7.45,"generatedPerSec":36.48,"applyActionMsPerAction":1.6406,"enumerateActionsMsPerState":120.5621,"stateKeyMsPerState":0.0004,"cloneMsPerAction":0.0055,"sortMsPerLoop":0.1128,"rssMb":152.2,"heapUsedMb":50.5,"eventLoopUtilization":0}
Perf live: {"expandedPerSec":7.5,"generatedPerSec":36.91,"applyActionMsPerAction":1.6731,"enumerateActionsMsPerState":119.5893,"stateKeyMsPerState":0.0004,"cloneMsPerAction":0.0057,"sortMsPerLoop":0.1387,"rssMb":154.2,"heapUsedMb":58.3,"eventLoopUtilization":0}
Perf live: {"expandedPerSec":7.52,"generatedPerSec":36.93,"applyActionMsPerAction":1.7213,"enumerateActionsMsPerState":119.1032,"stateKeyMsPerState":0.0004,"cloneMsPerAction":0.0058,"sortMsPerLoop":0.1455,"rssMb":171.9,"heapUsedMb":84,"eventLoopUtilization":0}
Perf live: {"expandedPerSec":7.58,"generatedPerSec":37.02,"applyActionMsPerAction":1.751,"enumerateActionsMsPerState":118.2408,"stateKeyMsPerState":0.0004,"cloneMsPerAction":0.006,"sortMsPerLoop":0.1453,"rssMb":203.9,"heapUsedMb":60.1,"eventLoopUtilization":0}
Perf live: {"expandedPerSec":7.65,"generatedPerSec":37.03,"applyActionMsPerAction":1.7745,"enumerateActionsMsPerState":117.185,"stateKeyMsPerState":0.0003,"cloneMsPerAction":0.0061,"sortMsPerLoop":0.1519,"rssMb":206.6,"heapUsedMb":64.5,"eventLoopUtilization":0}
Perf live: {"expandedPerSec":7.71,"generatedPerSec":37.18,"applyActionMsPerAction":1.8017,"enumerateActionsMsPerState":116.1766,"stateKeyMsPerState":0.0003,"cloneMsPerAction":0.0063,"sortMsPerLoop":0.1626,"rssMb":204.3,"heapUsedMb":52.5,"eventLoopUtilization":0}
Perf live: {"expandedPerSec":7.77,"generatedPerSec":37.63,"applyActionMsPerAction":1.8065,"enumerateActionsMsPerState":115.0753,"stateKeyMsPerState":0.0003,"cloneMsPerAction":0.0063,"sortMsPerLoop":0.1739,"rssMb":204.3,"heapUsedMb":41.1,"eventLoopUtilization":0}
Perf live: {"expandedPerSec":7.8,"generatedPerSec":38.35,"applyActionMsPerAction":1.8137,"enumerateActionsMsPerState":114.4268,"stateKeyMsPerState":0.0003,"cloneMsPerAction":0.0063,"sortMsPerLoop":0.1834,"rssMb":202.2,"heapUsedMb":62.2,"eventLoopUtilization":0}
Perf live: {"expandedPerSec":7.82,"generatedPerSec":38.93,"applyActionMsPerAction":1.8143,"enumerateActionsMsPerState":114.0878,"stateKeyMsPerState":0.0003,"cloneMsPerAction":0.0063,"sortMsPerLoop":0.1948,"rssMb":202.6,"heapUsedMb":25.1,"eventLoopUtilization":0}
Perf live: {"expandedPerSec":7.85,"generatedPerSec":39.04,"applyActionMsPerAction":1.83,"enumerateActionsMsPerState":113.5223,"stateKeyMsPerState":0.0003,"cloneMsPerAction":0.0064,"sortMsPerLoop":0.1989,"rssMb":203.2,"heapUsedMb":60.1,"eventLoopUtilization":0}
Perf live: {"expandedPerSec":7.87,"generatedPerSec":38.84,"applyActionMsPerAction":1.8422,"enumerateActionsMsPerState":113.3358,"stateKeyMsPerState":0.0003,"cloneMsPerAction":0.0065,"sortMsPerLoop":0.2116,"rssMb":205.3,"heapUsedMb":50.2,"eventLoopUtilization":0}
Perf live: {"expandedPerSec":7.9,"generatedPerSec":39.33,"applyActionMsPerAction":1.8525,"enumerateActionsMsPerState":112.6367,"stateKeyMsPerState":0.0003,"cloneMsPerAction":0.0065,"sortMsPerLoop":0.2285,"rssMb":204.6,"heapUsedMb":29.3,"eventLoopUtilization":0}
Perf live: {"expandedPerSec":7.89,"generatedPerSec":39.81,"applyActionMsPerAction":1.8455,"enumerateActionsMsPerState":112.6068,"stateKeyMsPerState":0.0003,"cloneMsPerAction":0.0065,"sortMsPerLoop":0.2449,"rssMb":205.1,"heapUsedMb":91.4,"eventLoopUtilization":0}
Perf live: {"expandedPerSec":7.92,"generatedPerSec":40.23,"applyActionMsPerAction":1.8399,"enumerateActionsMsPerState":112.2455,"stateKeyMsPerState":0.0003,"cloneMsPerAction":0.0066,"sortMsPerLoop":0.2515,"rssMb":203.6,"heapUsedMb":81.1,"eventLoopUtilization":0}
Perf live: {"expandedPerSec":7.93,"generatedPerSec":40.76,"applyActionMsPerAction":1.8298,"enumerateActionsMsPerState":112.0391,"stateKeyMsPerState":0.0003,"cloneMsPerAction":0.0065,"sortMsPerLoop":0.2636,"rssMb":205.8,"heapUsedMb":84.1,"eventLoopUtilization":0}
Search finished: found=0, expansions=1000, frontier=701, elapsedMs=126079
Summary written: routes/latest/whiteisland-trial-topk.summary.json
