Loaded project: 白色孤岛
Trial entry: Start 3,3 -> 试炼间 -> A1 6,11
Auto features: pickup=on, battle=on
Goal: win event; topK=1; maxExpansions=2000
Perf live: {"expandedPerSec":2.34,"generatedPerSec":19.06,"applyActionMsPerAction":1.3713,"enumerateActionsMsPerState":62.9412,"stateKeyMsPerState":0.0007,"cloneMsPerAction":0.0036,"sortMsPerLoop":0,"rssMb":147.5,"heapUsedMb":14.5,"eventLoopUtilization":0}
Perf live: {"expandedPerSec":1.89,"generatedPerSec":20.09,"applyActionMsPerAction":1.1402,"enumerateActionsMsPerState":89.3173,"stateKeyMsPerState":0.0006,"cloneMsPerAction":0.0037,"sortMsPerLoop":0,"rssMb":149.3,"heapUsedMb":16.5,"eventLoopUtilization":0}
Perf live: {"expandedPerSec":1.99,"generatedPerSec":21.68,"applyActionMsPerAction":1.1907,"enumerateActionsMsPerState":107.2355,"stateKeyMsPerState":0.0006,"cloneMsPerAction":0.0037,"sortMsPerLoop":0.2031,"rssMb":146.4,"heapUsedMb":20.2,"eventLoopUtilization":0}
Perf live: {"expandedPerSec":2.26,"generatedPerSec":22.68,"applyActionMsPerAction":1.1817,"enumerateActionsMsPerState":114.3322,"stateKeyMsPerState":0.0005,"cloneMsPerAction":0.0038,"sortMsPerLoop":0.2031,"rssMb":147.9,"heapUsedMb":30.8,"eventLoopUtilization":0}
Perf live: {"expandedPerSec":2.34,"generatedPerSec":22.87,"applyActionMsPerAction":1.1092,"enumerateActionsMsPerState":117.1546,"stateKeyMsPerState":0.0005,"cloneMsPerAction":0.004,"sortMsPerLoop":0.2031,"rssMb":147.4,"heapUsedMb":23.7,"eventLoopUtilization":0}
Perf live: {"expandedPerSec":2.5,"generatedPerSec":23.57,"applyActionMsPerAction":1.0743,"enumerateActionsMsPerState":121.1614,"stateKeyMsPerState":0.0005,"cloneMsPerAction":0.004,"sortMsPerLoop":0.1583,"rssMb":148.1,"heapUsedMb":29.9,"eventLoopUtilization":0}
Perf live: {"expandedPerSec":2.44,"generatedPerSec":23.52,"applyActionMsPerAction":1.0337,"enumerateActionsMsPerState":123.632,"stateKeyMsPerState":0.0004,"cloneMsPerAction":0.0041,"sortMsPerLoop":0.1583,"rssMb":148.5,"heapUsedMb":20.8,"eventLoopUtilization":0}
Perf live: {"expandedPerSec":2.48,"generatedPerSec":23.91,"applyActionMsPerAction":1.0178,"enumerateActionsMsPerState":126.5987,"stateKeyMsPerState":0.0005,"cloneMsPerAction":0.0041,"sortMsPerLoop":0.1432,"rssMb":145.9,"heapUsedMb":26.6,"eventLoopUtilization":0}
Perf live: {"expandedPerSec":2.5,"generatedPerSec":24.1,"applyActionMsPerAction":1.0048,"enumerateActionsMsPerState":129.3555,"stateKeyMsPerState":0.0004,"cloneMsPerAction":0.0041,"sortMsPerLoop":0.1432,"rssMb":146.9,"heapUsedMb":20.4,"eventLoopUtilization":0}
Perf live: {"expandedPerSec":2.49,"generatedPerSec":24.07,"applyActionMsPerAction":1.0023,"enumerateActionsMsPerState":129.6213,"stateKeyMsPerState":0.0004,"cloneMsPerAction":0.0041,"sortMsPerLoop":0.1352,"rssMb":147.1,"heapUsedMb":17.5,"eventLoopUtilization":0}
Perf live: {"expandedPerSec":2.47,"generatedPerSec":23.94,"applyActionMsPerAction":1.0049,"enumerateActionsMsPerState":130.3589,"stateKeyMsPerState":0.0004,"cloneMsPerAction":0.0041,"sortMsPerLoop":0.1352,"rssMb":148,"heapUsedMb":26.7,"eventLoopUtilization":0}
Perf live: {"expandedPerSec":2.5,"generatedPerSec":23.97,"applyActionMsPerAction":0.9904,"enumerateActionsMsPerState":130.8111,"stateKeyMsPerState":0.0004,"cloneMsPerAction":0.0041,"sortMsPerLoop":0.1445,"rssMb":147.1,"heapUsedMb":43.1,"eventLoopUtilization":0}
Perf live: {"expandedPerSec":2.5,"generatedPerSec":24.1,"applyActionMsPerAction":0.9805,"enumerateActionsMsPerState":131.7723,"stateKeyMsPerState":0.0004,"cloneMsPerAction":0.0041,"sortMsPerLoop":0.1445,"rssMb":148.2,"heapUsedMb":34.3,"eventLoopUtilization":0}
Perf live: {"expandedPerSec":2.54,"generatedPerSec":24.3,"applyActionMsPerAction":0.9753,"enumerateActionsMsPerState":132.2897,"stateKeyMsPerState":0.0004,"cloneMsPerAction":0.0041,"sortMsPerLoop":0.1445,"rssMb":146.4,"heapUsedMb":47.8,"eventLoopUtilization":0}
Perf live: {"expandedPerSec":2.51,"generatedPerSec":24.31,"applyActionMsPerAction":0.9802,"enumerateActionsMsPerState":132.5753,"stateKeyMsPerState":0.0004,"cloneMsPerAction":0.0041,"sortMsPerLoop":0.1484,"rssMb":147.6,"heapUsedMb":32.8,"eventLoopUtilization":0}
Perf live: {"expandedPerSec":2.52,"generatedPerSec":24.38,"applyActionMsPerAction":0.9777,"enumerateActionsMsPerState":132.316,"stateKeyMsPerState":0.0004,"cloneMsPerAction":0.0041,"sortMsPerLoop":0.1484,"rssMb":146.1,"heapUsedMb":35.7,"eventLoopUtilization":0}
Perf live: {"expandedPerSec":2.51,"generatedPerSec":24.43,"applyActionMsPerAction":0.9709,"enumerateActionsMsPerState":132.959,"stateKeyMsPerState":0.0003,"cloneMsPerAction":0.0041,"sortMsPerLoop":0.1576,"rssMb":146.4,"heapUsedMb":33.4,"eventLoopUtilization":0}
Perf live: {"expandedPerSec":2.62,"generatedPerSec":24.5,"applyActionMsPerAction":0.9724,"enumerateActionsMsPerState":134.1088,"stateKeyMsPerState":0.0003,"cloneMsPerAction":0.0041,"sortMsPerLoop":0.1576,"rssMb":147.2,"heapUsedMb":25.3,"eventLoopUtilization":0}
Perf live: {"expandedPerSec":2.75,"generatedPerSec":24.22,"applyActionMsPerAction":0.9522,"enumerateActionsMsPerState":132.8838,"stateKeyMsPerState":0.0003,"cloneMsPerAction":0.0042,"sortMsPerLoop":0.1603,"rssMb":147.6,"heapUsedMb":33.6,"eventLoopUtilization":0}
Perf live: {"expandedPerSec":2.85,"generatedPerSec":24.21,"applyActionMsPerAction":0.9455,"enumerateActionsMsPerState":132.5255,"stateKeyMsPerState":0.0003,"cloneMsPerAction":0.0043,"sortMsPerLoop":0.1641,"rssMb":146.3,"heapUsedMb":20.4,"eventLoopUtilization":0}
Perf live: {"expandedPerSec":2.92,"generatedPerSec":24.49,"applyActionMsPerAction":0.9559,"enumerateActionsMsPerState":133.6338,"stateKeyMsPerState":0.0003,"cloneMsPerAction":0.0043,"sortMsPerLoop":0.1669,"rssMb":146.7,"heapUsedMb":41.5,"eventLoopUtilization":0}
Perf live: {"expandedPerSec":2.91,"generatedPerSec":24.44,"applyActionMsPerAction":0.9594,"enumerateActionsMsPerState":133.8956,"stateKeyMsPerState":0.0003,"cloneMsPerAction":0.0044,"sortMsPerLoop":0.1669,"rssMb":146.1,"heapUsedMb":33.6,"eventLoopUtilization":0}
Perf live: {"expandedPerSec":2.91,"generatedPerSec":24.46,"applyActionMsPerAction":0.9598,"enumerateActionsMsPerState":134.1271,"stateKeyMsPerState":0.0003,"cloneMsPerAction":0.0044,"sortMsPerLoop":0.1669,"rssMb":145.7,"heapUsedMb":51.7,"eventLoopUtilization":0}
Perf live: {"expandedPerSec":2.93,"generatedPerSec":24.51,"applyActionMsPerAction":0.961,"enumerateActionsMsPerState":134.3638,"stateKeyMsPerState":0.0003,"cloneMsPerAction":0.0044,"sortMsPerLoop":0.1682,"rssMb":147.3,"heapUsedMb":36.5,"eventLoopUtilization":0}
Perf live: {"expandedPerSec":2.93,"generatedPerSec":24.47,"applyActionMsPerAction":0.9624,"enumerateActionsMsPerState":134.5005,"stateKeyMsPerState":0.0003,"cloneMsPerAction":0.0045,"sortMsPerLoop":0.1729,"rssMb":148.3,"heapUsedMb":40.3,"eventLoopUtilization":0}
Perf live: {"expandedPerSec":2.92,"generatedPerSec":24.52,"applyActionMsPerAction":0.9648,"enumerateActionsMsPerState":134.8478,"stateKeyMsPerState":0.0003,"cloneMsPerAction":0.0045,"sortMsPerLoop":0.1729,"rssMb":146.5,"heapUsedMb":66.8,"eventLoopUtilization":0}
Perf live: {"expandedPerSec":2.91,"generatedPerSec":24.5,"applyActionMsPerAction":0.9715,"enumerateActionsMsPerState":135.2881,"stateKeyMsPerState":0.0003,"cloneMsPerAction":0.0045,"sortMsPerLoop":0.1729,"rssMb":155.7,"heapUsedMb":58.6,"eventLoopUtilization":0}
Perf live: {"expandedPerSec":2.93,"generatedPerSec":24.52,"applyActionMsPerAction":0.9746,"enumerateActionsMsPerState":135.7506,"stateKeyMsPerState":0.0003,"cloneMsPerAction":0.0045,"sortMsPerLoop":0.1781,"rssMb":157.8,"heapUsedMb":36,"eventLoopUtilization":0}
Perf live: {"expandedPerSec":2.93,"generatedPerSec":24.68,"applyActionMsPerAction":0.9731,"enumerateActionsMsPerState":136.2635,"stateKeyMsPerState":0.0003,"cloneMsPerAction":0.0045,"sortMsPerLoop":0.1828,"rssMb":156.8,"heapUsedMb":55.8,"eventLoopUtilization":0}
Perf live: {"expandedPerSec":2.94,"generatedPerSec":24.69,"applyActionMsPerAction":0.9795,"enumerateActionsMsPerState":136.7653,"stateKeyMsPerState":0.0003,"cloneMsPerAction":0.0045,"sortMsPerLoop":0.1828,"rssMb":157.2,"heapUsedMb":43.5,"eventLoopUtilization":0}
Perf live: {"expandedPerSec":2.95,"generatedPerSec":24.67,"applyActionMsPerAction":0.9832,"enumerateActionsMsPerState":137.472,"stateKeyMsPerState":0.0003,"cloneMsPerAction":0.0046,"sortMsPerLoop":0.1897,"rssMb":157.7,"heapUsedMb":39.7,"eventLoopUtilization":0}
Perf live: {"expandedPerSec":2.94,"generatedPerSec":24.65,"applyActionMsPerAction":0.9891,"enumerateActionsMsPerState":138.0438,"stateKeyMsPerState":0.0003,"cloneMsPerAction":0.0046,"sortMsPerLoop":0.1897,"rssMb":157.3,"heapUsedMb":37.1,"eventLoopUtilization":0}
Perf live: {"expandedPerSec":2.96,"generatedPerSec":24.78,"applyActionMsPerAction":0.9908,"enumerateActionsMsPerState":138.5986,"stateKeyMsPerState":0.0003,"cloneMsPerAction":0.0046,"sortMsPerLoop":0.1942,"rssMb":158.2,"heapUsedMb":39.8,"eventLoopUtilization":0}
Perf live: {"expandedPerSec":3,"generatedPerSec":24.58,"applyActionMsPerAction":0.9813,"enumerateActionsMsPerState":138.1505,"stateKeyMsPerState":0.0003,"cloneMsPerAction":0.0047,"sortMsPerLoop":0.1942,"rssMb":157.3,"heapUsedMb":61.5,"eventLoopUtilization":0}
Perf live: {"expandedPerSec":3.05,"generatedPerSec":24.39,"applyActionMsPerAction":0.9711,"enumerateActionsMsPerState":137.6415,"stateKeyMsPerState":0.0003,"cloneMsPerAction":0.0047,"sortMsPerLoop":0.1995,"rssMb":157.6,"heapUsedMb":35.2,"eventLoopUtilization":0}
Perf live: {"expandedPerSec":3.1,"generatedPerSec":24.25,"applyActionMsPerAction":0.9614,"enumerateActionsMsPerState":136.9114,"stateKeyMsPerState":0.0003,"cloneMsPerAction":0.0048,"sortMsPerLoop":0.2148,"rssMb":158.6,"heapUsedMb":24,"eventLoopUtilization":0}
Perf live: {"expandedPerSec":3.12,"generatedPerSec":24.19,"applyActionMsPerAction":0.9509,"enumerateActionsMsPerState":136.542,"stateKeyMsPerState":0.0003,"cloneMsPerAction":0.0048,"sortMsPerLoop":0.2218,"rssMb":157,"heapUsedMb":50,"eventLoopUtilization":0}
Perf live: {"expandedPerSec":3.14,"generatedPerSec":24.14,"applyActionMsPerAction":0.9407,"enumerateActionsMsPerState":136.384,"stateKeyMsPerState":0.0003,"cloneMsPerAction":0.0049,"sortMsPerLoop":0.2218,"rssMb":158.8,"heapUsedMb":30.5,"eventLoopUtilization":0}
Perf live: {"expandedPerSec":3.16,"generatedPerSec":24.06,"applyActionMsPerAction":0.9321,"enumerateActionsMsPerState":136.3098,"stateKeyMsPerState":0.0003,"cloneMsPerAction":0.0049,"sortMsPerLoop":0.2231,"rssMb":157.8,"heapUsedMb":39.4,"eventLoopUtilization":0}
Perf live: {"expandedPerSec":3.18,"generatedPerSec":23.97,"applyActionMsPerAction":0.9241,"enumerateActionsMsPerState":136.3072,"stateKeyMsPerState":0.0003,"cloneMsPerAction":0.005,"sortMsPerLoop":0.2238,"rssMb":157.7,"heapUsedMb":58.1,"eventLoopUtilization":0}
Perf live: {"expandedPerSec":3.21,"generatedPerSec":23.98,"applyActionMsPerAction":0.9141,"enumerateActionsMsPerState":135.9076,"stateKeyMsPerState":0.0003,"cloneMsPerAction":0.005,"sortMsPerLoop":0.2238,"rssMb":157.3,"heapUsedMb":43.6,"eventLoopUtilization":0}
Perf live: {"expandedPerSec":3.25,"generatedPerSec":24.06,"applyActionMsPerAction":0.904,"enumerateActionsMsPerState":135.3206,"stateKeyMsPerState":0.0003,"cloneMsPerAction":0.005,"sortMsPerLoop":0.225,"rssMb":157.5,"heapUsedMb":30.6,"eventLoopUtilization":0}
Perf live: {"expandedPerSec":3.34,"generatedPerSec":23.98,"applyActionMsPerAction":0.8968,"enumerateActionsMsPerState":134.7279,"stateKeyMsPerState":0.0003,"cloneMsPerAction":0.0051,"sortMsPerLoop":0.2253,"rssMb":158.3,"heapUsedMb":55.8,"eventLoopUtilization":0}
Perf live: {"expandedPerSec":3.39,"generatedPerSec":23.97,"applyActionMsPerAction":0.8887,"enumerateActionsMsPerState":134.172,"stateKeyMsPerState":0.0003,"cloneMsPerAction":0.0051,"sortMsPerLoop":0.225,"rssMb":157.9,"heapUsedMb":48.1,"eventLoopUtilization":0}
Perf live: {"expandedPerSec":3.43,"generatedPerSec":23.97,"applyActionMsPerAction":0.8813,"enumerateActionsMsPerState":133.7715,"stateKeyMsPerState":0.0003,"cloneMsPerAction":0.0052,"sortMsPerLoop":0.2256,"rssMb":156.9,"heapUsedMb":27.7,"eventLoopUtilization":0}
Perf live: {"expandedPerSec":3.38,"generatedPerSec":23.81,"applyActionMsPerAction":0.8875,"enumerateActionsMsPerState":133.7877,"stateKeyMsPerState":0.0003,"cloneMsPerAction":0.0052,"sortMsPerLoop":0.2256,"rssMb":157,"heapUsedMb":42.4,"eventLoopUtilization":0}
Perf live: {"expandedPerSec":3.33,"generatedPerSec":23.66,"applyActionMsPerAction":0.8962,"enumerateActionsMsPerState":134.0898,"stateKeyMsPerState":0.0003,"cloneMsPerAction":0.0052,"sortMsPerLoop":0.2256,"rssMb":158,"heapUsedMb":53.7,"eventLoopUtilization":0}
Perf live: {"expandedPerSec":3.29,"generatedPerSec":23.52,"applyActionMsPerAction":0.9055,"enumerateActionsMsPerState":134.5035,"stateKeyMsPerState":0.0003,"cloneMsPerAction":0.0052,"sortMsPerLoop":0.2282,"rssMb":159.4,"heapUsedMb":73.7,"eventLoopUtilization":0}
Perf live: {"expandedPerSec":3.26,"generatedPerSec":23.45,"applyActionMsPerAction":0.9229,"enumerateActionsMsPerState":134.8585,"stateKeyMsPerState":0.0003,"cloneMsPerAction":0.0052,"sortMsPerLoop":0.2282,"rssMb":168.7,"heapUsedMb":80.5,"eventLoopUtilization":0}
Perf live: {"expandedPerSec":3.25,"generatedPerSec":23.39,"applyActionMsPerAction":0.936,"enumerateActionsMsPerState":135.3693,"stateKeyMsPerState":0.0003,"cloneMsPerAction":0.0052,"sortMsPerLoop":0.2282,"rssMb":200.7,"heapUsedMb":32.8,"eventLoopUtilization":0}
Perf live: {"expandedPerSec":3.23,"generatedPerSec":23.3,"applyActionMsPerAction":0.948,"enumerateActionsMsPerState":135.7842,"stateKeyMsPerState":0.0003,"cloneMsPerAction":0.0052,"sortMsPerLoop":0.2227,"rssMb":200,"heapUsedMb":61.8,"eventLoopUtilization":0}
Perf live: {"expandedPerSec":3.21,"generatedPerSec":23.22,"applyActionMsPerAction":0.9555,"enumerateActionsMsPerState":136.3658,"stateKeyMsPerState":0.0002,"cloneMsPerAction":0.0052,"sortMsPerLoop":0.2227,"rssMb":199.9,"heapUsedMb":42.4,"eventLoopUtilization":0}
Perf live: {"expandedPerSec":3.19,"generatedPerSec":23.17,"applyActionMsPerAction":0.9638,"enumerateActionsMsPerState":136.885,"stateKeyMsPerState":0.0002,"cloneMsPerAction":0.0052,"sortMsPerLoop":0.2224,"rssMb":200.9,"heapUsedMb":56.7,"eventLoopUtilization":0}
Perf live: {"expandedPerSec":3.16,"generatedPerSec":23.06,"applyActionMsPerAction":0.9717,"enumerateActionsMsPerState":137.241,"stateKeyMsPerState":0.0002,"cloneMsPerAction":0.0052,"sortMsPerLoop":0.2224,"rssMb":200.5,"heapUsedMb":33.1,"eventLoopUtilization":0}
Perf live: {"expandedPerSec":3.15,"generatedPerSec":23.06,"applyActionMsPerAction":0.9792,"enumerateActionsMsPerState":137.791,"stateKeyMsPerState":0.0002,"cloneMsPerAction":0.0053,"sortMsPerLoop":0.2224,"rssMb":200.8,"heapUsedMb":43.8,"eventLoopUtilization":0}
Perf live: {"expandedPerSec":3.12,"generatedPerSec":22.99,"applyActionMsPerAction":0.9853,"enumerateActionsMsPerState":138.2934,"stateKeyMsPerState":0.0002,"cloneMsPerAction":0.0052,"sortMsPerLoop":0.2224,"rssMb":200.7,"heapUsedMb":90.8,"eventLoopUtilization":0}
Perf live: {"expandedPerSec":3.11,"generatedPerSec":22.93,"applyActionMsPerAction":0.9955,"enumerateActionsMsPerState":139.0025,"stateKeyMsPerState":0.0002,"cloneMsPerAction":0.0053,"sortMsPerLoop":0.2264,"rssMb":200.3,"heapUsedMb":69.9,"eventLoopUtilization":0}
Perf live: {"expandedPerSec":3.07,"generatedPerSec":22.82,"applyActionMsPerAction":1.0036,"enumerateActionsMsPerState":139.2833,"stateKeyMsPerState":0.0002,"cloneMsPerAction":0.0053,"sortMsPerLoop":0.2264,"rssMb":200.2,"heapUsedMb":63.9,"eventLoopUtilization":0}
Perf live: {"expandedPerSec":3.06,"generatedPerSec":22.74,"applyActionMsPerAction":1.0129,"enumerateActionsMsPerState":139.6556,"stateKeyMsPerState":0.0002,"cloneMsPerAction":0.0053,"sortMsPerLoop":0.2264,"rssMb":199.3,"heapUsedMb":75.3,"eventLoopUtilization":0}
Perf live: {"expandedPerSec":3.04,"generatedPerSec":22.66,"applyActionMsPerAction":1.0222,"enumerateActionsMsPerState":140.2127,"stateKeyMsPerState":0.0002,"cloneMsPerAction":0.0053,"sortMsPerLoop":0.2289,"rssMb":200,"heapUsedMb":44.8,"eventLoopUtilization":0}
Perf live: {"expandedPerSec":3.02,"generatedPerSec":22.59,"applyActionMsPerAction":1.0284,"enumerateActionsMsPerState":140.7601,"stateKeyMsPerState":0.0002,"cloneMsPerAction":0.0053,"sortMsPerLoop":0.2289,"rssMb":200.7,"heapUsedMb":37.9,"eventLoopUtilization":0}
Perf live: {"expandedPerSec":3.01,"generatedPerSec":22.55,"applyActionMsPerAction":1.0359,"enumerateActionsMsPerState":141.3453,"stateKeyMsPerState":0.0002,"cloneMsPerAction":0.0053,"sortMsPerLoop":0.2289,"rssMb":200.9,"heapUsedMb":49.4,"eventLoopUtilization":0}
Perf live: {"expandedPerSec":2.99,"generatedPerSec":22.49,"applyActionMsPerAction":1.0411,"enumerateActionsMsPerState":141.6126,"stateKeyMsPerState":0.0002,"cloneMsPerAction":0.0053,"sortMsPerLoop":0.2305,"rssMb":200.5,"heapUsedMb":67.8,"eventLoopUtilization":0}
Perf live: {"expandedPerSec":2.97,"generatedPerSec":22.45,"applyActionMsPerAction":1.0518,"enumerateActionsMsPerState":142.0558,"stateKeyMsPerState":0.0002,"cloneMsPerAction":0.0053,"sortMsPerLoop":0.2305,"rssMb":200.7,"heapUsedMb":62.9,"eventLoopUtilization":0}
Perf live: {"expandedPerSec":2.96,"generatedPerSec":22.4,"applyActionMsPerAction":1.0585,"enumerateActionsMsPerState":142.3181,"stateKeyMsPerState":0.0002,"cloneMsPerAction":0.0053,"sortMsPerLoop":0.2305,"rssMb":200.6,"heapUsedMb":75,"eventLoopUtilization":0}
Perf live: {"expandedPerSec":2.93,"generatedPerSec":22.34,"applyActionMsPerAction":1.0646,"enumerateActionsMsPerState":142.6485,"stateKeyMsPerState":0.0002,"cloneMsPerAction":0.0053,"sortMsPerLoop":0.2306,"rssMb":201,"heapUsedMb":44,"eventLoopUtilization":0}
Perf live: {"expandedPerSec":2.94,"generatedPerSec":22.38,"applyActionMsPerAction":1.0748,"enumerateActionsMsPerState":143.3877,"stateKeyMsPerState":0.0002,"cloneMsPerAction":0.0053,"sortMsPerLoop":0.2306,"rssMb":201,"heapUsedMb":54.1,"eventLoopUtilization":0}
Perf live: {"expandedPerSec":2.97,"generatedPerSec":22.29,"applyActionMsPerAction":1.0916,"enumerateActionsMsPerState":142.982,"stateKeyMsPerState":0.0002,"cloneMsPerAction":0.0054,"sortMsPerLoop":0.2354,"rssMb":200.3,"heapUsedMb":59.5,"eventLoopUtilization":0}
Perf live: {"expandedPerSec":2.98,"generatedPerSec":22.2,"applyActionMsPerAction":1.1075,"enumerateActionsMsPerState":142.7896,"stateKeyMsPerState":0.0002,"cloneMsPerAction":0.0054,"sortMsPerLoop":0.2357,"rssMb":201.4,"heapUsedMb":62.8,"eventLoopUtilization":0}
Perf live: {"expandedPerSec":3,"generatedPerSec":22.26,"applyActionMsPerAction":1.1155,"enumerateActionsMsPerState":142.8687,"stateKeyMsPerState":0.0002,"cloneMsPerAction":0.0054,"sortMsPerLoop":0.2357,"rssMb":203.4,"heapUsedMb":113.3,"eventLoopUtilization":0}
Perf live: {"expandedPerSec":3.01,"generatedPerSec":22.29,"applyActionMsPerAction":1.1258,"enumerateActionsMsPerState":143.2496,"stateKeyMsPerState":0.0002,"cloneMsPerAction":0.0054,"sortMsPerLoop":0.2355,"rssMb":257.9,"heapUsedMb":168.9,"eventLoopUtilization":0}
Perf live: {"expandedPerSec":3,"generatedPerSec":22.29,"applyActionMsPerAction":1.1297,"enumerateActionsMsPerState":143.3653,"stateKeyMsPerState":0.0002,"cloneMsPerAction":0.0054,"sortMsPerLoop":0.2355,"rssMb":257.7,"heapUsedMb":38.9,"eventLoopUtilization":0}
Perf live: {"expandedPerSec":3,"generatedPerSec":22.27,"applyActionMsPerAction":1.1357,"enumerateActionsMsPerState":143.4964,"stateKeyMsPerState":0.0002,"cloneMsPerAction":0.0054,"sortMsPerLoop":0.2359,"rssMb":259.1,"heapUsedMb":64.9,"eventLoopUtilization":0}
Perf live: {"expandedPerSec":2.99,"generatedPerSec":22.26,"applyActionMsPerAction":1.1399,"enumerateActionsMsPerState":143.6853,"stateKeyMsPerState":0.0002,"cloneMsPerAction":0.0054,"sortMsPerLoop":0.2359,"rssMb":259.2,"heapUsedMb":42.4,"eventLoopUtilization":0}
Perf live: {"expandedPerSec":2.98,"generatedPerSec":22.22,"applyActionMsPerAction":1.146,"enumerateActionsMsPerState":143.9299,"stateKeyMsPerState":0.0002,"cloneMsPerAction":0.0054,"sortMsPerLoop":0.2373,"rssMb":258.8,"heapUsedMb":64.1,"eventLoopUtilization":0}
Perf live: {"expandedPerSec":2.98,"generatedPerSec":22.22,"applyActionMsPerAction":1.1513,"enumerateActionsMsPerState":144.2294,"stateKeyMsPerState":0.0002,"cloneMsPerAction":0.0054,"sortMsPerLoop":0.2373,"rssMb":258.9,"heapUsedMb":79,"eventLoopUtilization":0}
Perf live: {"expandedPerSec":2.97,"generatedPerSec":22.19,"applyActionMsPerAction":1.1574,"enumerateActionsMsPerState":144.5118,"stateKeyMsPerState":0.0002,"cloneMsPerAction":0.0055,"sortMsPerLoop":0.2394,"rssMb":259.1,"heapUsedMb":52.4,"eventLoopUtilization":0}
Perf live: {"expandedPerSec":2.97,"generatedPerSec":22.23,"applyActionMsPerAction":1.1575,"enumerateActionsMsPerState":144.4602,"stateKeyMsPerState":0.0002,"cloneMsPerAction":0.0054,"sortMsPerLoop":0.2394,"rssMb":257.6,"heapUsedMb":34.1,"eventLoopUtilization":0}
Perf live: {"expandedPerSec":2.97,"generatedPerSec":22.29,"applyActionMsPerAction":1.1599,"enumerateActionsMsPerState":144.4456,"stateKeyMsPerState":0.0002,"cloneMsPerAction":0.0054,"sortMsPerLoop":0.2408,"rssMb":260.1,"heapUsedMb":46.1,"eventLoopUtilization":0}
Perf live: {"expandedPerSec":2.97,"generatedPerSec":22.36,"applyActionMsPerAction":1.1584,"enumerateActionsMsPerState":144.425,"stateKeyMsPerState":0.0002,"cloneMsPerAction":0.0054,"sortMsPerLoop":0.2408,"rssMb":259.8,"heapUsedMb":52,"eventLoopUtilization":0}
Perf live: {"expandedPerSec":2.97,"generatedPerSec":22.39,"applyActionMsPerAction":1.1582,"enumerateActionsMsPerState":144.3774,"stateKeyMsPerState":0.0002,"cloneMsPerAction":0.0054,"sortMsPerLoop":0.2409,"rssMb":259.8,"heapUsedMb":60.8,"eventLoopUtilization":0}
Perf live: {"expandedPerSec":2.98,"generatedPerSec":22.43,"applyActionMsPerAction":1.1598,"enumerateActionsMsPerState":144.3666,"stateKeyMsPerState":0.0002,"cloneMsPerAction":0.0054,"sortMsPerLoop":0.2409,"rssMb":258.1,"heapUsedMb":57.2,"eventLoopUtilization":0}
Perf live: {"expandedPerSec":2.98,"generatedPerSec":22.53,"applyActionMsPerAction":1.1584,"enumerateActionsMsPerState":144.3389,"stateKeyMsPerState":0.0002,"cloneMsPerAction":0.0054,"sortMsPerLoop":0.2422,"rssMb":258.8,"heapUsedMb":26.2,"eventLoopUtilization":0}
Perf live: {"expandedPerSec":3,"generatedPerSec":22.53,"applyActionMsPerAction":1.169,"enumerateActionsMsPerState":143.8329,"stateKeyMsPerState":0.0002,"cloneMsPerAction":0.0054,"sortMsPerLoop":0.2422,"rssMb":258.4,"heapUsedMb":74.7,"eventLoopUtilization":0}
Perf live: {"expandedPerSec":3.02,"generatedPerSec":22.5,"applyActionMsPerAction":1.1803,"enumerateActionsMsPerState":143.2178,"stateKeyMsPerState":0.0002,"cloneMsPerAction":0.0054,"sortMsPerLoop":0.2449,"rssMb":259.8,"heapUsedMb":66.4,"eventLoopUtilization":0}
Perf live: {"expandedPerSec":3.05,"generatedPerSec":22.46,"applyActionMsPerAction":1.1914,"enumerateActionsMsPerState":142.5897,"stateKeyMsPerState":0.0002,"cloneMsPerAction":0.0054,"sortMsPerLoop":0.2462,"rssMb":258.6,"heapUsedMb":95.8,"eventLoopUtilization":0}
Perf live: {"expandedPerSec":3.06,"generatedPerSec":22.44,"applyActionMsPerAction":1.2019,"enumerateActionsMsPerState":142.1302,"stateKeyMsPerState":0.0002,"cloneMsPerAction":0.0054,"sortMsPerLoop":0.2471,"rssMb":259.1,"heapUsedMb":82.4,"eventLoopUtilization":0}
Perf live: {"expandedPerSec":3.07,"generatedPerSec":22.45,"applyActionMsPerAction":1.2109,"enumerateActionsMsPerState":141.7675,"stateKeyMsPerState":0.0002,"cloneMsPerAction":0.0054,"sortMsPerLoop":0.2471,"rssMb":259,"heapUsedMb":159.2,"eventLoopUtilization":0}
Perf live: {"expandedPerSec":3.08,"generatedPerSec":22.45,"applyActionMsPerAction":1.2205,"enumerateActionsMsPerState":141.4223,"stateKeyMsPerState":0.0002,"cloneMsPerAction":0.0054,"sortMsPerLoop":0.2483,"rssMb":306.1,"heapUsedMb":219.1,"eventLoopUtilization":0}
Perf live: {"expandedPerSec":3.09,"generatedPerSec":22.44,"applyActionMsPerAction":1.2298,"enumerateActionsMsPerState":141.0787,"stateKeyMsPerState":0.0002,"cloneMsPerAction":0.0054,"sortMsPerLoop":0.25,"rssMb":351.6,"heapUsedMb":46.2,"eventLoopUtilization":0}
Perf live: {"expandedPerSec":3.1,"generatedPerSec":22.45,"applyActionMsPerAction":1.2396,"enumerateActionsMsPerState":140.6527,"stateKeyMsPerState":0.0002,"cloneMsPerAction":0.0055,"sortMsPerLoop":0.25,"rssMb":351.6,"heapUsedMb":57.9,"eventLoopUtilization":0}
Perf live: {"expandedPerSec":3.12,"generatedPerSec":22.49,"applyActionMsPerAction":1.2475,"enumerateActionsMsPerState":140.1297,"stateKeyMsPerState":0.0002,"cloneMsPerAction":0.0055,"sortMsPerLoop":0.2503,"rssMb":351.6,"heapUsedMb":117.3,"eventLoopUtilization":0}
Perf live: {"expandedPerSec":3.15,"generatedPerSec":22.46,"applyActionMsPerAction":1.2565,"enumerateActionsMsPerState":139.6113,"stateKeyMsPerState":0.0002,"cloneMsPerAction":0.0055,"sortMsPerLoop":0.2509,"rssMb":351.9,"heapUsedMb":181.2,"eventLoopUtilization":0}
Perf live: {"expandedPerSec":3.18,"generatedPerSec":22.45,"applyActionMsPerAction":1.2651,"enumerateActionsMsPerState":139.1136,"stateKeyMsPerState":0.0002,"cloneMsPerAction":0.0055,"sortMsPerLoop":0.2522,"rssMb":351.6,"heapUsedMb":95.2,"eventLoopUtilization":0}
Perf live: {"expandedPerSec":3.21,"generatedPerSec":22.46,"applyActionMsPerAction":1.2727,"enumerateActionsMsPerState":138.5135,"stateKeyMsPerState":0.0002,"cloneMsPerAction":0.0055,"sortMsPerLoop":0.2542,"rssMb":351.5,"heapUsedMb":69.8,"eventLoopUtilization":0}
Perf live: {"expandedPerSec":3.18,"generatedPerSec":22.42,"applyActionMsPerAction":1.2758,"enumerateActionsMsPerState":138.414,"stateKeyMsPerState":0.0002,"cloneMsPerAction":0.0055,"sortMsPerLoop":0.2542,"rssMb":351.4,"heapUsedMb":66.3,"eventLoopUtilization":0}
Perf live: {"expandedPerSec":3.16,"generatedPerSec":22.39,"applyActionMsPerAction":1.2799,"enumerateActionsMsPerState":138.4472,"stateKeyMsPerState":0.0002,"cloneMsPerAction":0.0055,"sortMsPerLoop":0.2542,"rssMb":351.8,"heapUsedMb":65.6,"eventLoopUtilization":0}
Perf live: {"expandedPerSec":3.15,"generatedPerSec":22.39,"applyActionMsPerAction":1.2865,"enumerateActionsMsPerState":138.5497,"stateKeyMsPerState":0.0002,"cloneMsPerAction":0.0055,"sortMsPerLoop":0.2522,"rssMb":352.4,"heapUsedMb":64.2,"eventLoopUtilization":0}
Perf live: {"expandedPerSec":3.14,"generatedPerSec":22.38,"applyActionMsPerAction":1.2913,"enumerateActionsMsPerState":138.5289,"stateKeyMsPerState":0.0002,"cloneMsPerAction":0.0054,"sortMsPerLoop":0.2522,"rssMb":351.9,"heapUsedMb":53,"eventLoopUtilization":0}
Perf live: {"expandedPerSec":3.14,"generatedPerSec":22.39,"applyActionMsPerAction":1.2954,"enumerateActionsMsPerState":138.4627,"stateKeyMsPerState":0.0002,"cloneMsPerAction":0.0054,"sortMsPerLoop":0.2496,"rssMb":352,"heapUsedMb":84.4,"eventLoopUtilization":0}
Perf live: {"expandedPerSec":3.14,"generatedPerSec":22.4,"applyActionMsPerAction":1.2982,"enumerateActionsMsPerState":138.5217,"stateKeyMsPerState":0.0002,"cloneMsPerAction":0.0054,"sortMsPerLoop":0.2496,"rssMb":352.1,"heapUsedMb":56.9,"eventLoopUtilization":0}
Perf live: {"expandedPerSec":3.13,"generatedPerSec":22.41,"applyActionMsPerAction":1.3007,"enumerateActionsMsPerState":138.557,"stateKeyMsPerState":0.0002,"cloneMsPerAction":0.0054,"sortMsPerLoop":0.248,"rssMb":351.7,"heapUsedMb":52.1,"eventLoopUtilization":0}
Perf live: {"expandedPerSec":3.12,"generatedPerSec":22.39,"applyActionMsPerAction":1.3036,"enumerateActionsMsPerState":138.6597,"stateKeyMsPerState":0.0002,"cloneMsPerAction":0.0054,"sortMsPerLoop":0.248,"rssMb":352,"heapUsedMb":65.9,"eventLoopUtilization":0}
Perf live: {"expandedPerSec":3.11,"generatedPerSec":22.4,"applyActionMsPerAction":1.3067,"enumerateActionsMsPerState":138.7904,"stateKeyMsPerState":0.0002,"cloneMsPerAction":0.0054,"sortMsPerLoop":0.248,"rssMb":352,"heapUsedMb":53.7,"eventLoopUtilization":0}
Perf live: {"expandedPerSec":3.11,"generatedPerSec":22.42,"applyActionMsPerAction":1.31,"enumerateActionsMsPerState":138.891,"stateKeyMsPerState":0.0002,"cloneMsPerAction":0.0054,"sortMsPerLoop":0.2476,"rssMb":350.9,"heapUsedMb":54.7,"eventLoopUtilization":0}
Perf live: {"expandedPerSec":3.09,"generatedPerSec":22.39,"applyActionMsPerAction":1.3142,"enumerateActionsMsPerState":138.9453,"stateKeyMsPerState":0.0002,"cloneMsPerAction":0.0054,"sortMsPerLoop":0.2476,"rssMb":351.9,"heapUsedMb":55.7,"eventLoopUtilization":0}
Perf live: {"expandedPerSec":3.08,"generatedPerSec":22.37,"applyActionMsPerAction":1.3201,"enumerateActionsMsPerState":139.0361,"stateKeyMsPerState":0.0002,"cloneMsPerAction":0.0054,"sortMsPerLoop":0.2476,"rssMb":351.7,"heapUsedMb":73.9,"eventLoopUtilization":0}
Perf live: {"expandedPerSec":3.08,"generatedPerSec":22.35,"applyActionMsPerAction":1.3234,"enumerateActionsMsPerState":139.1387,"stateKeyMsPerState":0.0002,"cloneMsPerAction":0.0054,"sortMsPerLoop":0.2475,"rssMb":351.8,"heapUsedMb":47.1,"eventLoopUtilization":0}
Perf live: {"expandedPerSec":3.07,"generatedPerSec":22.35,"applyActionMsPerAction":1.3261,"enumerateActionsMsPerState":139.268,"stateKeyMsPerState":0.0002,"cloneMsPerAction":0.0053,"sortMsPerLoop":0.2475,"rssMb":351.5,"heapUsedMb":61.4,"eventLoopUtilization":0}
Perf live: {"expandedPerSec":3.06,"generatedPerSec":22.37,"applyActionMsPerAction":1.3289,"enumerateActionsMsPerState":139.3565,"stateKeyMsPerState":0.0002,"cloneMsPerAction":0.0053,"sortMsPerLoop":0.2494,"rssMb":351.5,"heapUsedMb":33.9,"eventLoopUtilization":0}
Perf live: {"expandedPerSec":3.05,"generatedPerSec":22.37,"applyActionMsPerAction":1.3331,"enumerateActionsMsPerState":139.4083,"stateKeyMsPerState":0.0002,"cloneMsPerAction":0.0053,"sortMsPerLoop":0.2494,"rssMb":352.4,"heapUsedMb":55.8,"eventLoopUtilization":0}
Perf live: {"expandedPerSec":3.05,"generatedPerSec":22.37,"applyActionMsPerAction":1.3371,"enumerateActionsMsPerState":139.4088,"stateKeyMsPerState":0.0002,"cloneMsPerAction":0.0053,"sortMsPerLoop":0.2494,"rssMb":351.7,"heapUsedMb":83,"eventLoopUtilization":0}
Perf live: {"expandedPerSec":3.04,"generatedPerSec":22.36,"applyActionMsPerAction":1.3403,"enumerateActionsMsPerState":139.5022,"stateKeyMsPerState":0.0002,"cloneMsPerAction":0.0053,"sortMsPerLoop":0.2497,"rssMb":351.5,"heapUsedMb":67.1,"eventLoopUtilization":0}
Perf live: {"expandedPerSec":3.04,"generatedPerSec":22.38,"applyActionMsPerAction":1.3454,"enumerateActionsMsPerState":139.8756,"stateKeyMsPerState":0.0002,"cloneMsPerAction":0.0053,"sortMsPerLoop":0.2497,"rssMb":351.6,"heapUsedMb":38.4,"eventLoopUtilization":0}
Perf live: {"expandedPerSec":3.06,"generatedPerSec":22.31,"applyActionMsPerAction":1.3479,"enumerateActionsMsPerState":139.8587,"stateKeyMsPerState":0.0002,"cloneMsPerAction":0.0053,"sortMsPerLoop":0.2521,"rssMb":352,"heapUsedMb":55.1,"eventLoopUtilization":0}
Perf live: {"expandedPerSec":3.06,"generatedPerSec":22.26,"applyActionMsPerAction":1.3502,"enumerateActionsMsPerState":139.7917,"stateKeyMsPerState":0.0002,"cloneMsPerAction":0.0054,"sortMsPerLoop":0.2533,"rssMb":352.4,"heapUsedMb":65.9,"eventLoopUtilization":0}
Perf live: {"expandedPerSec":3.07,"generatedPerSec":22.24,"applyActionMsPerAction":1.3555,"enumerateActionsMsPerState":140.1048,"stateKeyMsPerState":0.0002,"cloneMsPerAction":0.0054,"sortMsPerLoop":0.2533,"rssMb":352.4,"heapUsedMb":58.8,"eventLoopUtilization":0}
Perf live: {"expandedPerSec":3.06,"generatedPerSec":22.22,"applyActionMsPerAction":1.363,"enumerateActionsMsPerState":140.7416,"stateKeyMsPerState":0.0002,"cloneMsPerAction":0.0054,"sortMsPerLoop":0.2552,"rssMb":353.2,"heapUsedMb":62,"eventLoopUtilization":0}
Perf live: {"expandedPerSec":3.06,"generatedPerSec":22.17,"applyActionMsPerAction":1.3721,"enumerateActionsMsPerState":141.1293,"stateKeyMsPerState":0.0002,"cloneMsPerAction":0.0054,"sortMsPerLoop":0.2552,"rssMb":354.3,"heapUsedMb":66.2,"eventLoopUtilization":0}
Perf live: {"expandedPerSec":3.04,"generatedPerSec":22.1,"applyActionMsPerAction":1.3795,"enumerateActionsMsPerState":141.5009,"stateKeyMsPerState":0.0002,"cloneMsPerAction":0.0054,"sortMsPerLoop":0.2552,"rssMb":353.4,"heapUsedMb":57.9,"eventLoopUtilization":0}
Perf live: {"expandedPerSec":3.03,"generatedPerSec":22.04,"applyActionMsPerAction":1.3867,"enumerateActionsMsPerState":142.0348,"stateKeyMsPerState":0.0002,"cloneMsPerAction":0.0055,"sortMsPerLoop":0.2627,"rssMb":351.2,"heapUsedMb":68.8,"eventLoopUtilization":0}
Perf live: {"expandedPerSec":3.02,"generatedPerSec":21.96,"applyActionMsPerAction":1.3947,"enumerateActionsMsPerState":142.4576,"stateKeyMsPerState":0.0002,"cloneMsPerAction":0.0055,"sortMsPerLoop":0.2627,"rssMb":351.3,"heapUsedMb":62.5,"eventLoopUtilization":0}
Perf live: {"expandedPerSec":3.01,"generatedPerSec":21.91,"applyActionMsPerAction":1.4,"enumerateActionsMsPerState":142.776,"stateKeyMsPerState":0.0002,"cloneMsPerAction":0.0055,"sortMsPerLoop":0.2627,"rssMb":351.4,"heapUsedMb":48.1,"eventLoopUtilization":0}
Perf live: {"expandedPerSec":3,"generatedPerSec":21.85,"applyActionMsPerAction":1.4072,"enumerateActionsMsPerState":143.2098,"stateKeyMsPerState":0.0002,"cloneMsPerAction":0.0055,"sortMsPerLoop":0.2689,"rssMb":351.9,"heapUsedMb":84,"eventLoopUtilization":0}
Perf live: {"expandedPerSec":3,"generatedPerSec":21.79,"applyActionMsPerAction":1.4135,"enumerateActionsMsPerState":143.5459,"stateKeyMsPerState":0.0002,"cloneMsPerAction":0.0056,"sortMsPerLoop":0.2689,"rssMb":352.1,"heapUsedMb":71.3,"eventLoopUtilization":0}
Search finished: found=0, expansions=2000, frontier=227, elapsedMs=668498
Summary written: routes/latest/whiteisland-trial-topk.summary.json
